running egg_info
writing ../build/pa_warehouse_status/pa_warehouse_status.egg-info/PKG-INFO
writing dependency_links to ../build/pa_warehouse_status/pa_warehouse_status.egg-info/dependency_links.txt
writing entry points to ../build/pa_warehouse_status/pa_warehouse_status.egg-info/entry_points.txt
writing requirements to ../build/pa_warehouse_status/pa_warehouse_status.egg-info/requires.txt
writing top-level names to ../build/pa_warehouse_status/pa_warehouse_status.egg-info/top_level.txt
reading manifest file '../build/pa_warehouse_status/pa_warehouse_status.egg-info/SOURCES.txt'
adding license file 'LICENSE'
writing manifest file '../build/pa_warehouse_status/pa_warehouse_status.egg-info/SOURCES.txt'
running build
running build_py
copying pa_warehouse_status/pineapple_gossip_bot.py -> /IRS_2025_67/build/pa_warehouse_status/build/lib/pa_warehouse_status
copying pa_warehouse_status/plc_hmi_listener.py -> /IRS_2025_67/build/pa_warehouse_status/build/lib/pa_warehouse_status
running install
running install_lib
copying /IRS_2025_67/build/pa_warehouse_status/build/lib/pa_warehouse_status/pineapple_gossip_bot.py -> /IRS_2025_67/install/pa_warehouse_status/lib/python3.10/site-packages/pa_warehouse_status
copying /IRS_2025_67/build/pa_warehouse_status/build/lib/pa_warehouse_status/plc_hmi_listener.py -> /IRS_2025_67/install/pa_warehouse_status/lib/python3.10/site-packages/pa_warehouse_status
byte-compiling /IRS_2025_67/install/pa_warehouse_status/lib/python3.10/site-packages/pa_warehouse_status/pineapple_gossip_bot.py to pineapple_gossip_bot.cpython-310.pyc
byte-compiling /IRS_2025_67/install/pa_warehouse_status/lib/python3.10/site-packages/pa_warehouse_status/plc_hmi_listener.py to plc_hmi_listener.cpython-310.pyc
running install_data
running install_egg_info
removing '/IRS_2025_67/install/pa_warehouse_status/lib/python3.10/site-packages/pa_warehouse_status-0.0.0-py3.10.egg-info' (and everything under it)
Copying ../build/pa_warehouse_status/pa_warehouse_status.egg-info to /IRS_2025_67/install/pa_warehouse_status/lib/python3.10/site-packages/pa_warehouse_status-0.0.0-py3.10.egg-info
running install_scripts
Installing pineapple_gossip_bot script to /IRS_2025_67/install/pa_warehouse_status/lib/pa_warehouse_status
writing list of installed files to '/IRS_2025_67/build/pa_warehouse_status/install.log'
