running egg_info
writing ../build/hand_solo_virtual_nav/hand_solo_virtual_nav.egg-info/PKG-INFO
writing dependency_links to ../build/hand_solo_virtual_nav/hand_solo_virtual_nav.egg-info/dependency_links.txt
writing entry points to ../build/hand_solo_virtual_nav/hand_solo_virtual_nav.egg-info/entry_points.txt
writing requirements to ../build/hand_solo_virtual_nav/hand_solo_virtual_nav.egg-info/requires.txt
writing top-level names to ../build/hand_solo_virtual_nav/hand_solo_virtual_nav.egg-info/top_level.txt
reading manifest file '../build/hand_solo_virtual_nav/hand_solo_virtual_nav.egg-info/SOURCES.txt'
adding license file 'LICENSE'
writing manifest file '../build/hand_solo_virtual_nav/hand_solo_virtual_nav.egg-info/SOURCES.txt'
running build
running build_py
running install
running install_lib
running install_data
copying package.xml -> /IRS_2025_67/install/hand_solo_virtual_nav/share/hand_solo_virtual_nav
copying launch/nav_launch.py -> /IRS_2025_67/install/hand_solo_virtual_nav/share/hand_solo_virtual_nav/launch
copying launch/mapping_launch.py -> /IRS_2025_67/install/hand_solo_virtual_nav/share/hand_solo_virtual_nav/launch
copying config/pa_slam_params.yaml -> /IRS_2025_67/install/hand_solo_virtual_nav/share/hand_solo_virtual_nav/config
copying config/pa_nav2_params.yaml -> /IRS_2025_67/install/hand_solo_virtual_nav/share/hand_solo_virtual_nav/config
copying rviz/pa_rviz_mapping.rviz -> /IRS_2025_67/install/hand_solo_virtual_nav/share/hand_solo_virtual_nav/rviz
copying rviz/pa_rviz_nav2.rviz -> /IRS_2025_67/install/hand_solo_virtual_nav/share/hand_solo_virtual_nav/rviz
creating /IRS_2025_67/install/hand_solo_virtual_nav/share/hand_solo_virtual_nav/map
copying map/warehouse_map.pgm -> /IRS_2025_67/install/hand_solo_virtual_nav/share/hand_solo_virtual_nav/map
copying map/warehouse_map.yaml -> /IRS_2025_67/install/hand_solo_virtual_nav/share/hand_solo_virtual_nav/map
running install_egg_info
removing '/IRS_2025_67/install/hand_solo_virtual_nav/lib/python3.10/site-packages/hand_solo_virtual_nav-0.0.0-py3.10.egg-info' (and everything under it)
Copying ../build/hand_solo_virtual_nav/hand_solo_virtual_nav.egg-info to /IRS_2025_67/install/hand_solo_virtual_nav/lib/python3.10/site-packages/hand_solo_virtual_nav-0.0.0-py3.10.egg-info
running install_scripts
Installing hs_waypoint_follower script to /IRS_2025_67/install/hand_solo_virtual_nav/lib/hand_solo_virtual_nav
writing list of installed files to '/IRS_2025_67/build/hand_solo_virtual_nav/install.log'
