[1.331s] Invoking command in '/IRS_2025_67/hand_solo_virtual_nav': PYTHONPATH=/IRS_2025_67/build/hand_solo_virtual_nav/prefix_override:/usr/lib/python3/dist-packages/colcon_core/task/python/colcon_distutils_commands:/IRS_2025_67/install/hand_solo_virtual_nav/lib/python3.10/site-packages:${PYTHONPATH} /usr/bin/python3 -W ignore:setup.py install is deprecated -W ignore:easy_install command is deprecated setup.py egg_info --egg-base ../build/hand_solo_virtual_nav build --build-base /IRS_2025_67/build/hand_solo_virtual_nav/build install --record /IRS_2025_67/build/hand_solo_virtual_nav/install.log --single-version-externally-managed install_data
[1.610s] running egg_info
[1.610s] writing ../build/hand_solo_virtual_nav/hand_solo_virtual_nav.egg-info/PKG-INFO
[1.611s] writing dependency_links to ../build/hand_solo_virtual_nav/hand_solo_virtual_nav.egg-info/dependency_links.txt
[1.611s] writing entry points to ../build/hand_solo_virtual_nav/hand_solo_virtual_nav.egg-info/entry_points.txt
[1.611s] writing requirements to ../build/hand_solo_virtual_nav/hand_solo_virtual_nav.egg-info/requires.txt
[1.611s] writing top-level names to ../build/hand_solo_virtual_nav/hand_solo_virtual_nav.egg-info/top_level.txt
[1.614s] reading manifest file '../build/hand_solo_virtual_nav/hand_solo_virtual_nav.egg-info/SOURCES.txt'
[1.647s] adding license file 'LICENSE'
[1.648s] writing manifest file '../build/hand_solo_virtual_nav/hand_solo_virtual_nav.egg-info/SOURCES.txt'
[1.649s] running build
[1.649s] running build_py
[1.649s] running install
[1.650s] running install_lib
[1.651s] running install_data
[1.651s] copying package.xml -> /IRS_2025_67/install/hand_solo_virtual_nav/share/hand_solo_virtual_nav
[1.651s] copying launch/nav_launch.py -> /IRS_2025_67/install/hand_solo_virtual_nav/share/hand_solo_virtual_nav/launch
[1.651s] copying launch/mapping_launch.py -> /IRS_2025_67/install/hand_solo_virtual_nav/share/hand_solo_virtual_nav/launch
[1.652s] copying config/pa_slam_params.yaml -> /IRS_2025_67/install/hand_solo_virtual_nav/share/hand_solo_virtual_nav/config
[1.652s] copying config/pa_nav2_params.yaml -> /IRS_2025_67/install/hand_solo_virtual_nav/share/hand_solo_virtual_nav/config
[1.652s] copying rviz/pa_rviz_mapping.rviz -> /IRS_2025_67/install/hand_solo_virtual_nav/share/hand_solo_virtual_nav/rviz
[1.679s] copying rviz/pa_rviz_nav2.rviz -> /IRS_2025_67/install/hand_solo_virtual_nav/share/hand_solo_virtual_nav/rviz
[1.679s] creating /IRS_2025_67/install/hand_solo_virtual_nav/share/hand_solo_virtual_nav/map
[1.679s] copying map/warehouse_map.pgm -> /IRS_2025_67/install/hand_solo_virtual_nav/share/hand_solo_virtual_nav/map
[1.680s] copying map/warehouse_map.yaml -> /IRS_2025_67/install/hand_solo_virtual_nav/share/hand_solo_virtual_nav/map
[1.680s] running install_egg_info
[1.683s] removing '/IRS_2025_67/install/hand_solo_virtual_nav/lib/python3.10/site-packages/hand_solo_virtual_nav-0.0.0-py3.10.egg-info' (and everything under it)
[1.683s] Copying ../build/hand_solo_virtual_nav/hand_solo_virtual_nav.egg-info to /IRS_2025_67/install/hand_solo_virtual_nav/lib/python3.10/site-packages/hand_solo_virtual_nav-0.0.0-py3.10.egg-info
[1.719s] running install_scripts
[1.743s] Installing hs_waypoint_follower script to /IRS_2025_67/install/hand_solo_virtual_nav/lib/hand_solo_virtual_nav
[1.743s] writing list of installed files to '/IRS_2025_67/build/hand_solo_virtual_nav/install.log'
[1.773s] Invoked command in '/IRS_2025_67/hand_solo_virtual_nav' returned '0': PYTHONPATH=/IRS_2025_67/build/hand_solo_virtual_nav/prefix_override:/usr/lib/python3/dist-packages/colcon_core/task/python/colcon_distutils_commands:/IRS_2025_67/install/hand_solo_virtual_nav/lib/python3.10/site-packages:${PYTHONPATH} /usr/bin/python3 -W ignore:setup.py install is deprecated -W ignore:easy_install command is deprecated setup.py egg_info --egg-base ../build/hand_solo_virtual_nav build --build-base /IRS_2025_67/build/hand_solo_virtual_nav/build install --record /IRS_2025_67/build/hand_solo_virtual_nav/install.log --single-version-externally-managed install_data
