[1.571s] Invoking command in '/IRS_2025_67/pa_warehouse_status': PYTHONPATH=/IRS_2025_67/build/pa_warehouse_status/prefix_override:/usr/lib/python3/dist-packages/colcon_core/task/python/colcon_distutils_commands:/IRS_2025_67/install/pa_warehouse_status/lib/python3.10/site-packages: /usr/bin/python3 -W ignore:setup.py install is deprecated -W ignore:easy_install command is deprecated setup.py egg_info --egg-base ../build/pa_warehouse_status build --build-base /IRS_2025_67/build/pa_warehouse_status/build install --record /IRS_2025_67/build/pa_warehouse_status/install.log --single-version-externally-managed install_data
[1.789s] running egg_info
[1.789s] creating ../build/pa_warehouse_status/pa_warehouse_status.egg-info
[1.789s] writing ../build/pa_warehouse_status/pa_warehouse_status.egg-info/PKG-INFO
[1.790s] writing dependency_links to ../build/pa_warehouse_status/pa_warehouse_status.egg-info/dependency_links.txt
[1.790s] writing entry points to ../build/pa_warehouse_status/pa_warehouse_status.egg-info/entry_points.txt
[1.790s] writing requirements to ../build/pa_warehouse_status/pa_warehouse_status.egg-info/requires.txt
[1.790s] writing top-level names to ../build/pa_warehouse_status/pa_warehouse_status.egg-info/top_level.txt
[1.790s] writing manifest file '../build/pa_warehouse_status/pa_warehouse_status.egg-info/SOURCES.txt'
[1.792s] reading manifest file '../build/pa_warehouse_status/pa_warehouse_status.egg-info/SOURCES.txt'
[1.792s] adding license file 'LICENSE'
[1.793s] writing manifest file '../build/pa_warehouse_status/pa_warehouse_status.egg-info/SOURCES.txt'
[1.793s] running build
[1.793s] running build_py
[1.793s] creating /IRS_2025_67/build/pa_warehouse_status/build
[1.794s] creating /IRS_2025_67/build/pa_warehouse_status/build/lib
[1.794s] creating /IRS_2025_67/build/pa_warehouse_status/build/lib/pa_warehouse_status
[1.794s] copying pa_warehouse_status/__init__.py -> /IRS_2025_67/build/pa_warehouse_status/build/lib/pa_warehouse_status
[1.794s] copying pa_warehouse_status/pineapple_gossip_bot.py -> /IRS_2025_67/build/pa_warehouse_status/build/lib/pa_warehouse_status
[1.794s] running install
[1.794s] running install_lib
[1.795s] creating /IRS_2025_67/install/pa_warehouse_status/lib/python3.10/site-packages/pa_warehouse_status
[1.795s] copying /IRS_2025_67/build/pa_warehouse_status/build/lib/pa_warehouse_status/__init__.py -> /IRS_2025_67/install/pa_warehouse_status/lib/python3.10/site-packages/pa_warehouse_status
[1.795s] copying /IRS_2025_67/build/pa_warehouse_status/build/lib/pa_warehouse_status/pineapple_gossip_bot.py -> /IRS_2025_67/install/pa_warehouse_status/lib/python3.10/site-packages/pa_warehouse_status
[1.796s] byte-compiling /IRS_2025_67/install/pa_warehouse_status/lib/python3.10/site-packages/pa_warehouse_status/__init__.py to __init__.cpython-310.pyc
[1.796s] byte-compiling /IRS_2025_67/install/pa_warehouse_status/lib/python3.10/site-packages/pa_warehouse_status/pineapple_gossip_bot.py to pineapple_gossip_bot.cpython-310.pyc
[1.796s] running install_data
[1.796s] creating /IRS_2025_67/install/pa_warehouse_status/share/ament_index
[1.797s] creating /IRS_2025_67/install/pa_warehouse_status/share/ament_index/resource_index
[1.797s] creating /IRS_2025_67/install/pa_warehouse_status/share/ament_index/resource_index/packages
[1.797s] copying resource/pa_warehouse_status -> /IRS_2025_67/install/pa_warehouse_status/share/ament_index/resource_index/packages
[1.797s] copying package.xml -> /IRS_2025_67/install/pa_warehouse_status/share/pa_warehouse_status
[1.797s] running install_egg_info
[1.799s] Copying ../build/pa_warehouse_status/pa_warehouse_status.egg-info to /IRS_2025_67/install/pa_warehouse_status/lib/python3.10/site-packages/pa_warehouse_status-0.0.0-py3.10.egg-info
[1.800s] running install_scripts
[1.825s] Installing pineapple_gossip_bot script to /IRS_2025_67/install/pa_warehouse_status/lib/pa_warehouse_status
[1.825s] writing list of installed files to '/IRS_2025_67/build/pa_warehouse_status/install.log'
[1.854s] Invoked command in '/IRS_2025_67/pa_warehouse_status' returned '0': PYTHONPATH=/IRS_2025_67/build/pa_warehouse_status/prefix_override:/usr/lib/python3/dist-packages/colcon_core/task/python/colcon_distutils_commands:/IRS_2025_67/install/pa_warehouse_status/lib/python3.10/site-packages: /usr/bin/python3 -W ignore:setup.py install is deprecated -W ignore:easy_install command is deprecated setup.py egg_info --egg-base ../build/pa_warehouse_status build --build-base /IRS_2025_67/build/pa_warehouse_status/build install --record /IRS_2025_67/build/pa_warehouse_status/install.log --single-version-externally-managed install_data
