[0.692s] Invoking command in '/IRS_2025_67/hand_solo_virtual_nav': PYTHONPATH=/IRS_2025_67/build/hand_solo_virtual_nav/prefix_override:/usr/lib/python3/dist-packages/colcon_core/task/python/colcon_distutils_commands:/IRS_2025_67/install/hand_solo_virtual_nav/lib/python3.10/site-packages:${PYTHONPATH} /usr/bin/python3 -W ignore:setup.py install is deprecated -W ignore:easy_install command is deprecated setup.py egg_info --egg-base ../build/hand_solo_virtual_nav build --build-base /IRS_2025_67/build/hand_solo_virtual_nav/build install --record /IRS_2025_67/build/hand_solo_virtual_nav/install.log --single-version-externally-managed install_data
[0.957s] running egg_info
[0.957s] writing ../build/hand_solo_virtual_nav/hand_solo_virtual_nav.egg-info/PKG-INFO
[0.958s] writing dependency_links to ../build/hand_solo_virtual_nav/hand_solo_virtual_nav.egg-info/dependency_links.txt
[0.958s] writing entry points to ../build/hand_solo_virtual_nav/hand_solo_virtual_nav.egg-info/entry_points.txt
[0.958s] writing requirements to ../build/hand_solo_virtual_nav/hand_solo_virtual_nav.egg-info/requires.txt
[0.958s] writing top-level names to ../build/hand_solo_virtual_nav/hand_solo_virtual_nav.egg-info/top_level.txt
[0.960s] reading manifest file '../build/hand_solo_virtual_nav/hand_solo_virtual_nav.egg-info/SOURCES.txt'
[0.960s] adding license file 'LICENSE'
[0.961s] writing manifest file '../build/hand_solo_virtual_nav/hand_solo_virtual_nav.egg-info/SOURCES.txt'
[0.961s] running build
[0.961s] running build_py
[0.962s] running install
[0.962s] running install_lib
[0.964s] running install_data
[0.964s] running install_egg_info
[0.966s] removing '/IRS_2025_67/install/hand_solo_virtual_nav/lib/python3.10/site-packages/hand_solo_virtual_nav-0.0.0-py3.10.egg-info' (and everything under it)
[0.966s] Copying ../build/hand_solo_virtual_nav/hand_solo_virtual_nav.egg-info to /IRS_2025_67/install/hand_solo_virtual_nav/lib/python3.10/site-packages/hand_solo_virtual_nav-0.0.0-py3.10.egg-info
[0.967s] running install_scripts
[0.991s] Installing hs_waypoint_follower script to /IRS_2025_67/install/hand_solo_virtual_nav/lib/hand_solo_virtual_nav
[0.991s] writing list of installed files to '/IRS_2025_67/build/hand_solo_virtual_nav/install.log'
[1.018s] Invoked command in '/IRS_2025_67/hand_solo_virtual_nav' returned '0': PYTHONPATH=/IRS_2025_67/build/hand_solo_virtual_nav/prefix_override:/usr/lib/python3/dist-packages/colcon_core/task/python/colcon_distutils_commands:/IRS_2025_67/install/hand_solo_virtual_nav/lib/python3.10/site-packages:${PYTHONPATH} /usr/bin/python3 -W ignore:setup.py install is deprecated -W ignore:easy_install command is deprecated setup.py egg_info --egg-base ../build/hand_solo_virtual_nav build --build-base /IRS_2025_67/build/hand_solo_virtual_nav/build install --record /IRS_2025_67/build/hand_solo_virtual_nav/install.log --single-version-externally-managed install_data
