[0.223s] DEBUG:colcon:Command line arguments: ['/usr/bin/colcon', 'build', '--packages-select', 'hand_solo_virtual_nav']
[0.224s] DEBUG:colcon:Parsed command line arguments: Namespace(log_base=None, log_level=None, verb_name='build', build_base='build', install_base='install', merge_install=False, symlink_install=False, test_result_base=None, continue_on_error=False, executor='parallel', parallel_workers=12, event_handlers=None, ignore_user_meta=False, metas=['./colcon.meta'], base_paths=['.'], packages_ignore=None, packages_ignore_regex=None, paths=None, packages_up_to=None, packages_up_to_regex=None, packages_above=None, packages_above_and_dependencies=None, packages_above_depth=None, packages_select_by_dep=None, packages_skip_by_dep=None, packages_skip_up_to=None, packages_select_build_failed=False, packages_skip_build_finished=False, packages_select_test_failures=False, packages_skip_test_passed=False, packages_select=['hand_solo_virtual_nav'], packages_skip=None, packages_select_regex=None, packages_skip_regex=None, packages_start=None, packages_end=None, cmake_args=None, cmake_target=None, cmake_target_skip_unavailable=False, cmake_clean_cache=False, cmake_clean_first=False, cmake_force_configure=False, ament_cmake_args=None, catkin_cmake_args=None, catkin_skip_building_tests=False, mixin_files=None, mixin=None, verb_parser=<colcon_mixin.mixin.mixin_argument.MixinArgumentDecorator object at 0x7593cbc528f0>, verb_extension=<colcon_core.verb.build.BuildVerb object at 0x7593cbd5b820>, main=<bound method BuildVerb.main of <colcon_core.verb.build.BuildVerb object at 0x7593cbd5b820>>, mixin_verb=('build',))
[1.802s] Level 1:colcon.colcon_core.package_discovery:discover_packages(colcon_meta) check parameters
[1.819s] INFO:colcon.colcon_metadata.package_discovery.colcon_meta:Using configuration from '/root/.colcon/metadata/default/Gazebo.meta'
[1.820s] INFO:colcon.colcon_metadata.package_discovery.colcon_meta:Using configuration from '/root/.colcon/metadata/default/fastdds.meta'
[1.821s] INFO:colcon.colcon_metadata.package_discovery.colcon_meta:Using configuration from '/root/.colcon/metadata/default/fastrtps.meta'
[1.821s] Level 1:colcon.colcon_core.package_discovery:discover_packages(recursive) check parameters
[1.821s] Level 1:colcon.colcon_core.package_discovery:discover_packages(ignore) check parameters
[1.821s] Level 1:colcon.colcon_core.package_discovery:discover_packages(path) check parameters
[1.821s] Level 1:colcon.colcon_core.package_discovery:discover_packages(colcon_meta) discover
[1.821s] Level 1:colcon.colcon_core.package_discovery:discover_packages(recursive) discover
[1.822s] INFO:colcon.colcon_core.package_discovery:Crawling recursively for packages in '/IRS_2025_67'
[1.822s] Level 1:colcon.colcon_core.package_identification:_identify(.) by extensions ['ignore', 'ignore_ament_install']
[1.822s] Level 1:colcon.colcon_core.package_identification:_identify(.) by extension 'ignore'
[1.822s] Level 1:colcon.colcon_core.package_identification:_identify(.) by extension 'ignore_ament_install'
[1.822s] Level 1:colcon.colcon_core.package_identification:_identify(.) by extensions ['colcon_pkg']
[1.822s] Level 1:colcon.colcon_core.package_identification:_identify(.) by extension 'colcon_pkg'
[1.823s] Level 1:colcon.colcon_core.package_identification:_identify(.) by extensions ['colcon_meta']
[1.823s] Level 1:colcon.colcon_core.package_identification:_identify(.) by extension 'colcon_meta'
[1.823s] Level 1:colcon.colcon_core.package_identification:_identify(.) by extensions ['ros']
[1.823s] Level 1:colcon.colcon_core.package_identification:_identify(.) by extension 'ros'
[1.842s] Level 1:colcon.colcon_core.package_identification:_identify(.) by extensions ['cmake', 'python']
[1.842s] Level 1:colcon.colcon_core.package_identification:_identify(.) by extension 'cmake'
[1.842s] Level 1:colcon.colcon_core.package_identification:_identify(.) by extension 'python'
[1.843s] Level 1:colcon.colcon_core.package_identification:_identify(.) by extensions ['python_setup_py']
[1.843s] Level 1:colcon.colcon_core.package_identification:_identify(.) by extension 'python_setup_py'
[1.843s] Level 1:colcon.colcon_core.package_identification:_identify(build) by extensions ['ignore', 'ignore_ament_install']
[1.843s] Level 1:colcon.colcon_core.package_identification:_identify(build) by extension 'ignore'
[1.843s] Level 1:colcon.colcon_core.package_identification:_identify(build) ignored
[1.843s] Level 1:colcon.colcon_core.package_identification:_identify(hand_solo_arm) by extensions ['ignore', 'ignore_ament_install']
[1.843s] Level 1:colcon.colcon_core.package_identification:_identify(hand_solo_arm) by extension 'ignore'
[1.843s] Level 1:colcon.colcon_core.package_identification:_identify(hand_solo_arm) by extension 'ignore_ament_install'
[1.844s] Level 1:colcon.colcon_core.package_identification:_identify(hand_solo_arm) by extensions ['colcon_pkg']
[1.844s] Level 1:colcon.colcon_core.package_identification:_identify(hand_solo_arm) by extension 'colcon_pkg'
[1.844s] Level 1:colcon.colcon_core.package_identification:_identify(hand_solo_arm) by extensions ['colcon_meta']
[1.844s] Level 1:colcon.colcon_core.package_identification:_identify(hand_solo_arm) by extension 'colcon_meta'
[1.844s] Level 1:colcon.colcon_core.package_identification:_identify(hand_solo_arm) by extensions ['ros']
[1.844s] Level 1:colcon.colcon_core.package_identification:_identify(hand_solo_arm) by extension 'ros'
[1.848s] DEBUG:colcon.colcon_core.package_identification:Package 'hand_solo_arm' with type 'ros.ament_python' and name 'hand_solo_arm'
[1.848s] Level 1:colcon.colcon_core.package_identification:_identify(hand_solo_virtual_nav) by extensions ['ignore', 'ignore_ament_install']
[1.848s] Level 1:colcon.colcon_core.package_identification:_identify(hand_solo_virtual_nav) by extension 'ignore'
[1.848s] Level 1:colcon.colcon_core.package_identification:_identify(hand_solo_virtual_nav) by extension 'ignore_ament_install'
[1.848s] Level 1:colcon.colcon_core.package_identification:_identify(hand_solo_virtual_nav) by extensions ['colcon_pkg']
[1.848s] Level 1:colcon.colcon_core.package_identification:_identify(hand_solo_virtual_nav) by extension 'colcon_pkg'
[1.848s] Level 1:colcon.colcon_core.package_identification:_identify(hand_solo_virtual_nav) by extensions ['colcon_meta']
[1.848s] Level 1:colcon.colcon_core.package_identification:_identify(hand_solo_virtual_nav) by extension 'colcon_meta'
[1.848s] Level 1:colcon.colcon_core.package_identification:_identify(hand_solo_virtual_nav) by extensions ['ros']
[1.848s] Level 1:colcon.colcon_core.package_identification:_identify(hand_solo_virtual_nav) by extension 'ros'
[1.851s] DEBUG:colcon.colcon_core.package_identification:Package 'hand_solo_virtual_nav' with type 'ros.ament_python' and name 'hand_solo_virtual_nav'
[1.851s] Level 1:colcon.colcon_core.package_identification:_identify(install) by extensions ['ignore', 'ignore_ament_install']
[1.851s] Level 1:colcon.colcon_core.package_identification:_identify(install) by extension 'ignore'
[1.851s] Level 1:colcon.colcon_core.package_identification:_identify(install) ignored
[1.851s] Level 1:colcon.colcon_core.package_identification:_identify(log) by extensions ['ignore', 'ignore_ament_install']
[1.851s] Level 1:colcon.colcon_core.package_identification:_identify(log) by extension 'ignore'
[1.851s] Level 1:colcon.colcon_core.package_identification:_identify(log) ignored
[1.851s] Level 1:colcon.colcon_core.package_identification:_identify(omron_arm) by extensions ['ignore', 'ignore_ament_install']
[1.852s] Level 1:colcon.colcon_core.package_identification:_identify(omron_arm) by extension 'ignore'
[1.852s] Level 1:colcon.colcon_core.package_identification:_identify(omron_arm) by extension 'ignore_ament_install'
[1.852s] Level 1:colcon.colcon_core.package_identification:_identify(omron_arm) by extensions ['colcon_pkg']
[1.852s] Level 1:colcon.colcon_core.package_identification:_identify(omron_arm) by extension 'colcon_pkg'
[1.852s] Level 1:colcon.colcon_core.package_identification:_identify(omron_arm) by extensions ['colcon_meta']
[1.852s] Level 1:colcon.colcon_core.package_identification:_identify(omron_arm) by extension 'colcon_meta'
[1.852s] Level 1:colcon.colcon_core.package_identification:_identify(omron_arm) by extensions ['ros']
[1.852s] Level 1:colcon.colcon_core.package_identification:_identify(omron_arm) by extension 'ros'
[1.852s] Level 1:colcon.colcon_core.package_identification:_identify(omron_arm) by extensions ['cmake', 'python']
[1.852s] Level 1:colcon.colcon_core.package_identification:_identify(omron_arm) by extension 'cmake'
[1.852s] Level 1:colcon.colcon_core.package_identification:_identify(omron_arm) by extension 'python'
[1.852s] Level 1:colcon.colcon_core.package_identification:_identify(omron_arm) by extensions ['python_setup_py']
[1.852s] Level 1:colcon.colcon_core.package_identification:_identify(omron_arm) by extension 'python_setup_py'
[1.853s] Level 1:colcon.colcon_core.package_identification:_identify(omron_arm/docs) by extensions ['ignore', 'ignore_ament_install']
[1.853s] Level 1:colcon.colcon_core.package_identification:_identify(omron_arm/docs) by extension 'ignore'
[1.853s] Level 1:colcon.colcon_core.package_identification:_identify(omron_arm/docs) by extension 'ignore_ament_install'
[1.853s] Level 1:colcon.colcon_core.package_identification:_identify(omron_arm/docs) by extensions ['colcon_pkg']
[1.853s] Level 1:colcon.colcon_core.package_identification:_identify(omron_arm/docs) by extension 'colcon_pkg'
[1.853s] Level 1:colcon.colcon_core.package_identification:_identify(omron_arm/docs) by extensions ['colcon_meta']
[1.853s] Level 1:colcon.colcon_core.package_identification:_identify(omron_arm/docs) by extension 'colcon_meta'
[1.853s] Level 1:colcon.colcon_core.package_identification:_identify(omron_arm/docs) by extensions ['ros']
[1.853s] Level 1:colcon.colcon_core.package_identification:_identify(omron_arm/docs) by extension 'ros'
[1.853s] Level 1:colcon.colcon_core.package_identification:_identify(omron_arm/docs) by extensions ['cmake', 'python']
[1.853s] Level 1:colcon.colcon_core.package_identification:_identify(omron_arm/docs) by extension 'cmake'
[1.854s] Level 1:colcon.colcon_core.package_identification:_identify(omron_arm/docs) by extension 'python'
[1.854s] Level 1:colcon.colcon_core.package_identification:_identify(omron_arm/docs) by extensions ['python_setup_py']
[1.854s] Level 1:colcon.colcon_core.package_identification:_identify(omron_arm/docs) by extension 'python_setup_py'
[1.854s] Level 1:colcon.colcon_core.package_identification:_identify(omron_arm/docs/images) by extensions ['ignore', 'ignore_ament_install']
[1.854s] Level 1:colcon.colcon_core.package_identification:_identify(omron_arm/docs/images) by extension 'ignore'
[1.854s] Level 1:colcon.colcon_core.package_identification:_identify(omron_arm/docs/images) by extension 'ignore_ament_install'
[1.854s] Level 1:colcon.colcon_core.package_identification:_identify(omron_arm/docs/images) by extensions ['colcon_pkg']
[1.854s] Level 1:colcon.colcon_core.package_identification:_identify(omron_arm/docs/images) by extension 'colcon_pkg'
[1.854s] Level 1:colcon.colcon_core.package_identification:_identify(omron_arm/docs/images) by extensions ['colcon_meta']
[1.854s] Level 1:colcon.colcon_core.package_identification:_identify(omron_arm/docs/images) by extension 'colcon_meta'
[1.855s] Level 1:colcon.colcon_core.package_identification:_identify(omron_arm/docs/images) by extensions ['ros']
[1.855s] Level 1:colcon.colcon_core.package_identification:_identify(omron_arm/docs/images) by extension 'ros'
[1.855s] Level 1:colcon.colcon_core.package_identification:_identify(omron_arm/docs/images) by extensions ['cmake', 'python']
[1.855s] Level 1:colcon.colcon_core.package_identification:_identify(omron_arm/docs/images) by extension 'cmake'
[1.855s] Level 1:colcon.colcon_core.package_identification:_identify(omron_arm/docs/images) by extension 'python'
[1.855s] Level 1:colcon.colcon_core.package_identification:_identify(omron_arm/docs/images) by extensions ['python_setup_py']
[1.855s] Level 1:colcon.colcon_core.package_identification:_identify(omron_arm/docs/images) by extension 'python_setup_py'
[1.855s] Level 1:colcon.colcon_core.package_identification:_identify(omron_arm/figures) by extensions ['ignore', 'ignore_ament_install']
[1.855s] Level 1:colcon.colcon_core.package_identification:_identify(omron_arm/figures) by extension 'ignore'
[1.856s] Level 1:colcon.colcon_core.package_identification:_identify(omron_arm/figures) by extension 'ignore_ament_install'
[1.856s] Level 1:colcon.colcon_core.package_identification:_identify(omron_arm/figures) by extensions ['colcon_pkg']
[1.856s] Level 1:colcon.colcon_core.package_identification:_identify(omron_arm/figures) by extension 'colcon_pkg'
[1.856s] Level 1:colcon.colcon_core.package_identification:_identify(omron_arm/figures) by extensions ['colcon_meta']
[1.856s] Level 1:colcon.colcon_core.package_identification:_identify(omron_arm/figures) by extension 'colcon_meta'
[1.856s] Level 1:colcon.colcon_core.package_identification:_identify(omron_arm/figures) by extensions ['ros']
[1.856s] Level 1:colcon.colcon_core.package_identification:_identify(omron_arm/figures) by extension 'ros'
[1.856s] Level 1:colcon.colcon_core.package_identification:_identify(omron_arm/figures) by extensions ['cmake', 'python']
[1.856s] Level 1:colcon.colcon_core.package_identification:_identify(omron_arm/figures) by extension 'cmake'
[1.856s] Level 1:colcon.colcon_core.package_identification:_identify(omron_arm/figures) by extension 'python'
[1.856s] Level 1:colcon.colcon_core.package_identification:_identify(omron_arm/figures) by extensions ['python_setup_py']
[1.856s] Level 1:colcon.colcon_core.package_identification:_identify(omron_arm/figures) by extension 'python_setup_py'
[1.857s] Level 1:colcon.colcon_core.package_identification:_identify(omron_arm/tm_description) by extensions ['ignore', 'ignore_ament_install']
[1.857s] Level 1:colcon.colcon_core.package_identification:_identify(omron_arm/tm_description) by extension 'ignore'
[1.857s] Level 1:colcon.colcon_core.package_identification:_identify(omron_arm/tm_description) by extension 'ignore_ament_install'
[1.857s] Level 1:colcon.colcon_core.package_identification:_identify(omron_arm/tm_description) by extensions ['colcon_pkg']
[1.857s] Level 1:colcon.colcon_core.package_identification:_identify(omron_arm/tm_description) by extension 'colcon_pkg'
[1.857s] Level 1:colcon.colcon_core.package_identification:_identify(omron_arm/tm_description) by extensions ['colcon_meta']
[1.857s] Level 1:colcon.colcon_core.package_identification:_identify(omron_arm/tm_description) by extension 'colcon_meta'
[1.857s] Level 1:colcon.colcon_core.package_identification:_identify(omron_arm/tm_description) by extensions ['ros']
[1.857s] Level 1:colcon.colcon_core.package_identification:_identify(omron_arm/tm_description) by extension 'ros'
[1.858s] DEBUG:colcon.colcon_core.package_identification:Package 'omron_arm/tm_description' with type 'ros.ament_cmake' and name 'tm_description'
[1.858s] Level 1:colcon.colcon_core.package_identification:_identify(omron_arm/tm_driver) by extensions ['ignore', 'ignore_ament_install']
[1.858s] Level 1:colcon.colcon_core.package_identification:_identify(omron_arm/tm_driver) by extension 'ignore'
[1.858s] Level 1:colcon.colcon_core.package_identification:_identify(omron_arm/tm_driver) by extension 'ignore_ament_install'
[1.858s] Level 1:colcon.colcon_core.package_identification:_identify(omron_arm/tm_driver) by extensions ['colcon_pkg']
[1.858s] Level 1:colcon.colcon_core.package_identification:_identify(omron_arm/tm_driver) by extension 'colcon_pkg'
[1.859s] Level 1:colcon.colcon_core.package_identification:_identify(omron_arm/tm_driver) by extensions ['colcon_meta']
[1.859s] Level 1:colcon.colcon_core.package_identification:_identify(omron_arm/tm_driver) by extension 'colcon_meta'
[1.859s] Level 1:colcon.colcon_core.package_identification:_identify(omron_arm/tm_driver) by extensions ['ros']
[1.859s] Level 1:colcon.colcon_core.package_identification:_identify(omron_arm/tm_driver) by extension 'ros'
[1.860s] DEBUG:colcon.colcon_core.package_identification:Package 'omron_arm/tm_driver' with type 'ros.ament_cmake' and name 'tm_driver'
[1.860s] Level 1:colcon.colcon_core.package_identification:_identify(omron_arm/tm_inspect) by extensions ['ignore', 'ignore_ament_install']
[1.860s] Level 1:colcon.colcon_core.package_identification:_identify(omron_arm/tm_inspect) by extension 'ignore'
[1.860s] Level 1:colcon.colcon_core.package_identification:_identify(omron_arm/tm_inspect) by extension 'ignore_ament_install'
[1.860s] Level 1:colcon.colcon_core.package_identification:_identify(omron_arm/tm_inspect) by extensions ['colcon_pkg']
[1.860s] Level 1:colcon.colcon_core.package_identification:_identify(omron_arm/tm_inspect) by extension 'colcon_pkg'
[1.860s] Level 1:colcon.colcon_core.package_identification:_identify(omron_arm/tm_inspect) by extensions ['colcon_meta']
[1.860s] Level 1:colcon.colcon_core.package_identification:_identify(omron_arm/tm_inspect) by extension 'colcon_meta'
[1.860s] Level 1:colcon.colcon_core.package_identification:_identify(omron_arm/tm_inspect) by extensions ['ros']
[1.860s] Level 1:colcon.colcon_core.package_identification:_identify(omron_arm/tm_inspect) by extension 'ros'
[1.861s] DEBUG:colcon.colcon_core.package_identification:Package 'omron_arm/tm_inspect' with type 'ros.ament_cmake' and name 'tm_inspect'
[1.861s] Level 1:colcon.colcon_core.package_identification:_identify(omron_arm/tm_mod_urdf) by extensions ['ignore', 'ignore_ament_install']
[1.861s] Level 1:colcon.colcon_core.package_identification:_identify(omron_arm/tm_mod_urdf) by extension 'ignore'
[1.861s] Level 1:colcon.colcon_core.package_identification:_identify(omron_arm/tm_mod_urdf) by extension 'ignore_ament_install'
[1.862s] Level 1:colcon.colcon_core.package_identification:_identify(omron_arm/tm_mod_urdf) by extensions ['colcon_pkg']
[1.862s] Level 1:colcon.colcon_core.package_identification:_identify(omron_arm/tm_mod_urdf) by extension 'colcon_pkg'
[1.862s] Level 1:colcon.colcon_core.package_identification:_identify(omron_arm/tm_mod_urdf) by extensions ['colcon_meta']
[1.862s] Level 1:colcon.colcon_core.package_identification:_identify(omron_arm/tm_mod_urdf) by extension 'colcon_meta'
[1.862s] Level 1:colcon.colcon_core.package_identification:_identify(omron_arm/tm_mod_urdf) by extensions ['ros']
[1.862s] Level 1:colcon.colcon_core.package_identification:_identify(omron_arm/tm_mod_urdf) by extension 'ros'
[1.862s] DEBUG:colcon.colcon_core.package_identification:Package 'omron_arm/tm_mod_urdf' with type 'ros.ament_python' and name 'tm_mod_urdf'
[1.863s] Level 1:colcon.colcon_core.package_identification:_identify(omron_arm/tm_moveit) by extensions ['ignore', 'ignore_ament_install']
[1.863s] Level 1:colcon.colcon_core.package_identification:_identify(omron_arm/tm_moveit) by extension 'ignore'
[1.863s] Level 1:colcon.colcon_core.package_identification:_identify(omron_arm/tm_moveit) by extension 'ignore_ament_install'
[1.863s] Level 1:colcon.colcon_core.package_identification:_identify(omron_arm/tm_moveit) by extensions ['colcon_pkg']
[1.863s] Level 1:colcon.colcon_core.package_identification:_identify(omron_arm/tm_moveit) by extension 'colcon_pkg'
[1.863s] Level 1:colcon.colcon_core.package_identification:_identify(omron_arm/tm_moveit) by extensions ['colcon_meta']
[1.863s] Level 1:colcon.colcon_core.package_identification:_identify(omron_arm/tm_moveit) by extension 'colcon_meta'
[1.863s] Level 1:colcon.colcon_core.package_identification:_identify(omron_arm/tm_moveit) by extensions ['ros']
[1.863s] Level 1:colcon.colcon_core.package_identification:_identify(omron_arm/tm_moveit) by extension 'ros'
[1.863s] Level 1:colcon.colcon_core.package_identification:_identify(omron_arm/tm_moveit) by extensions ['cmake', 'python']
[1.863s] Level 1:colcon.colcon_core.package_identification:_identify(omron_arm/tm_moveit) by extension 'cmake'
[1.863s] Level 1:colcon.colcon_core.package_identification:_identify(omron_arm/tm_moveit) by extension 'python'
[1.864s] Level 1:colcon.colcon_core.package_identification:_identify(omron_arm/tm_moveit) by extensions ['python_setup_py']
[1.864s] Level 1:colcon.colcon_core.package_identification:_identify(omron_arm/tm_moveit) by extension 'python_setup_py'
[1.864s] Level 1:colcon.colcon_core.package_identification:_identify(omron_arm/tm_moveit/tm12_moveit_config) by extensions ['ignore', 'ignore_ament_install']
[1.864s] Level 1:colcon.colcon_core.package_identification:_identify(omron_arm/tm_moveit/tm12_moveit_config) by extension 'ignore'
[1.864s] Level 1:colcon.colcon_core.package_identification:_identify(omron_arm/tm_moveit/tm12_moveit_config) by extension 'ignore_ament_install'
[1.864s] Level 1:colcon.colcon_core.package_identification:_identify(omron_arm/tm_moveit/tm12_moveit_config) by extensions ['colcon_pkg']
[1.864s] Level 1:colcon.colcon_core.package_identification:_identify(omron_arm/tm_moveit/tm12_moveit_config) by extension 'colcon_pkg'
[1.864s] Level 1:colcon.colcon_core.package_identification:_identify(omron_arm/tm_moveit/tm12_moveit_config) by extensions ['colcon_meta']
[1.864s] Level 1:colcon.colcon_core.package_identification:_identify(omron_arm/tm_moveit/tm12_moveit_config) by extension 'colcon_meta'
[1.864s] Level 1:colcon.colcon_core.package_identification:_identify(omron_arm/tm_moveit/tm12_moveit_config) by extensions ['ros']
[1.864s] Level 1:colcon.colcon_core.package_identification:_identify(omron_arm/tm_moveit/tm12_moveit_config) by extension 'ros'
[1.865s] DEBUG:colcon.colcon_core.package_identification:Package 'omron_arm/tm_moveit/tm12_moveit_config' with type 'ros.ament_cmake' and name 'tm12_moveit_config'
[1.866s] Level 1:colcon.colcon_core.package_identification:_identify(omron_arm/tm_moveit/tm12x_moveit_config) by extensions ['ignore', 'ignore_ament_install']
[1.866s] Level 1:colcon.colcon_core.package_identification:_identify(omron_arm/tm_moveit/tm12x_moveit_config) by extension 'ignore'
[1.866s] Level 1:colcon.colcon_core.package_identification:_identify(omron_arm/tm_moveit/tm12x_moveit_config) by extension 'ignore_ament_install'
[1.866s] Level 1:colcon.colcon_core.package_identification:_identify(omron_arm/tm_moveit/tm12x_moveit_config) by extensions ['colcon_pkg']
[1.866s] Level 1:colcon.colcon_core.package_identification:_identify(omron_arm/tm_moveit/tm12x_moveit_config) by extension 'colcon_pkg'
[1.866s] Level 1:colcon.colcon_core.package_identification:_identify(omron_arm/tm_moveit/tm12x_moveit_config) by extensions ['colcon_meta']
[1.866s] Level 1:colcon.colcon_core.package_identification:_identify(omron_arm/tm_moveit/tm12x_moveit_config) by extension 'colcon_meta'
[1.866s] Level 1:colcon.colcon_core.package_identification:_identify(omron_arm/tm_moveit/tm12x_moveit_config) by extensions ['ros']
[1.866s] Level 1:colcon.colcon_core.package_identification:_identify(omron_arm/tm_moveit/tm12x_moveit_config) by extension 'ros'
[1.867s] DEBUG:colcon.colcon_core.package_identification:Package 'omron_arm/tm_moveit/tm12x_moveit_config' with type 'ros.ament_cmake' and name 'tm12x_moveit_config'
[1.867s] Level 1:colcon.colcon_core.package_identification:_identify(omron_arm/tm_moveit/tm14_moveit_config) by extensions ['ignore', 'ignore_ament_install']
[1.867s] Level 1:colcon.colcon_core.package_identification:_identify(omron_arm/tm_moveit/tm14_moveit_config) by extension 'ignore'
[1.867s] Level 1:colcon.colcon_core.package_identification:_identify(omron_arm/tm_moveit/tm14_moveit_config) by extension 'ignore_ament_install'
[1.868s] Level 1:colcon.colcon_core.package_identification:_identify(omron_arm/tm_moveit/tm14_moveit_config) by extensions ['colcon_pkg']
[1.868s] Level 1:colcon.colcon_core.package_identification:_identify(omron_arm/tm_moveit/tm14_moveit_config) by extension 'colcon_pkg'
[1.868s] Level 1:colcon.colcon_core.package_identification:_identify(omron_arm/tm_moveit/tm14_moveit_config) by extensions ['colcon_meta']
[1.868s] Level 1:colcon.colcon_core.package_identification:_identify(omron_arm/tm_moveit/tm14_moveit_config) by extension 'colcon_meta'
[1.868s] Level 1:colcon.colcon_core.package_identification:_identify(omron_arm/tm_moveit/tm14_moveit_config) by extensions ['ros']
[1.868s] Level 1:colcon.colcon_core.package_identification:_identify(omron_arm/tm_moveit/tm14_moveit_config) by extension 'ros'
[1.869s] DEBUG:colcon.colcon_core.package_identification:Package 'omron_arm/tm_moveit/tm14_moveit_config' with type 'ros.ament_cmake' and name 'tm14_moveit_config'
[1.869s] Level 1:colcon.colcon_core.package_identification:_identify(omron_arm/tm_moveit/tm14x_moveit_config) by extensions ['ignore', 'ignore_ament_install']
[1.869s] Level 1:colcon.colcon_core.package_identification:_identify(omron_arm/tm_moveit/tm14x_moveit_config) by extension 'ignore'
[1.869s] Level 1:colcon.colcon_core.package_identification:_identify(omron_arm/tm_moveit/tm14x_moveit_config) by extension 'ignore_ament_install'
[1.869s] Level 1:colcon.colcon_core.package_identification:_identify(omron_arm/tm_moveit/tm14x_moveit_config) by extensions ['colcon_pkg']
[1.869s] Level 1:colcon.colcon_core.package_identification:_identify(omron_arm/tm_moveit/tm14x_moveit_config) by extension 'colcon_pkg'
[1.870s] Level 1:colcon.colcon_core.package_identification:_identify(omron_arm/tm_moveit/tm14x_moveit_config) by extensions ['colcon_meta']
[1.870s] Level 1:colcon.colcon_core.package_identification:_identify(omron_arm/tm_moveit/tm14x_moveit_config) by extension 'colcon_meta'
[1.870s] Level 1:colcon.colcon_core.package_identification:_identify(omron_arm/tm_moveit/tm14x_moveit_config) by extensions ['ros']
[1.870s] Level 1:colcon.colcon_core.package_identification:_identify(omron_arm/tm_moveit/tm14x_moveit_config) by extension 'ros'
[1.871s] DEBUG:colcon.colcon_core.package_identification:Package 'omron_arm/tm_moveit/tm14x_moveit_config' with type 'ros.ament_cmake' and name 'tm14x_moveit_config'
[1.871s] Level 1:colcon.colcon_core.package_identification:_identify(omron_arm/tm_moveit/tm16_moveit_config) by extensions ['ignore', 'ignore_ament_install']
[1.871s] Level 1:colcon.colcon_core.package_identification:_identify(omron_arm/tm_moveit/tm16_moveit_config) by extension 'ignore'
[1.871s] Level 1:colcon.colcon_core.package_identification:_identify(omron_arm/tm_moveit/tm16_moveit_config) by extension 'ignore_ament_install'
[1.871s] Level 1:colcon.colcon_core.package_identification:_identify(omron_arm/tm_moveit/tm16_moveit_config) by extensions ['colcon_pkg']
[1.871s] Level 1:colcon.colcon_core.package_identification:_identify(omron_arm/tm_moveit/tm16_moveit_config) by extension 'colcon_pkg'
[1.871s] Level 1:colcon.colcon_core.package_identification:_identify(omron_arm/tm_moveit/tm16_moveit_config) by extensions ['colcon_meta']
[1.871s] Level 1:colcon.colcon_core.package_identification:_identify(omron_arm/tm_moveit/tm16_moveit_config) by extension 'colcon_meta'
[1.871s] Level 1:colcon.colcon_core.package_identification:_identify(omron_arm/tm_moveit/tm16_moveit_config) by extensions ['ros']
[1.872s] Level 1:colcon.colcon_core.package_identification:_identify(omron_arm/tm_moveit/tm16_moveit_config) by extension 'ros'
[1.872s] DEBUG:colcon.colcon_core.package_identification:Package 'omron_arm/tm_moveit/tm16_moveit_config' with type 'ros.ament_cmake' and name 'tm16_moveit_config'
[1.873s] Level 1:colcon.colcon_core.package_identification:_identify(omron_arm/tm_moveit/tm20_moveit_config) by extensions ['ignore', 'ignore_ament_install']
[1.873s] Level 1:colcon.colcon_core.package_identification:_identify(omron_arm/tm_moveit/tm20_moveit_config) by extension 'ignore'
[1.873s] Level 1:colcon.colcon_core.package_identification:_identify(omron_arm/tm_moveit/tm20_moveit_config) by extension 'ignore_ament_install'
[1.873s] Level 1:colcon.colcon_core.package_identification:_identify(omron_arm/tm_moveit/tm20_moveit_config) by extensions ['colcon_pkg']
[1.873s] Level 1:colcon.colcon_core.package_identification:_identify(omron_arm/tm_moveit/tm20_moveit_config) by extension 'colcon_pkg'
[1.873s] Level 1:colcon.colcon_core.package_identification:_identify(omron_arm/tm_moveit/tm20_moveit_config) by extensions ['colcon_meta']
[1.873s] Level 1:colcon.colcon_core.package_identification:_identify(omron_arm/tm_moveit/tm20_moveit_config) by extension 'colcon_meta'
[1.873s] Level 1:colcon.colcon_core.package_identification:_identify(omron_arm/tm_moveit/tm20_moveit_config) by extensions ['ros']
[1.873s] Level 1:colcon.colcon_core.package_identification:_identify(omron_arm/tm_moveit/tm20_moveit_config) by extension 'ros'
[1.874s] DEBUG:colcon.colcon_core.package_identification:Package 'omron_arm/tm_moveit/tm20_moveit_config' with type 'ros.ament_cmake' and name 'tm20_moveit_config'
[1.874s] Level 1:colcon.colcon_core.package_identification:_identify(omron_arm/tm_moveit/tm5-700_moveit_config) by extensions ['ignore', 'ignore_ament_install']
[1.874s] Level 1:colcon.colcon_core.package_identification:_identify(omron_arm/tm_moveit/tm5-700_moveit_config) by extension 'ignore'
[1.874s] Level 1:colcon.colcon_core.package_identification:_identify(omron_arm/tm_moveit/tm5-700_moveit_config) by extension 'ignore_ament_install'
[1.875s] Level 1:colcon.colcon_core.package_identification:_identify(omron_arm/tm_moveit/tm5-700_moveit_config) by extensions ['colcon_pkg']
[1.875s] Level 1:colcon.colcon_core.package_identification:_identify(omron_arm/tm_moveit/tm5-700_moveit_config) by extension 'colcon_pkg'
[1.875s] Level 1:colcon.colcon_core.package_identification:_identify(omron_arm/tm_moveit/tm5-700_moveit_config) by extensions ['colcon_meta']
[1.875s] Level 1:colcon.colcon_core.package_identification:_identify(omron_arm/tm_moveit/tm5-700_moveit_config) by extension 'colcon_meta'
[1.875s] Level 1:colcon.colcon_core.package_identification:_identify(omron_arm/tm_moveit/tm5-700_moveit_config) by extensions ['ros']
[1.875s] Level 1:colcon.colcon_core.package_identification:_identify(omron_arm/tm_moveit/tm5-700_moveit_config) by extension 'ros'
[1.876s] DEBUG:colcon.colcon_core.package_identification:Package 'omron_arm/tm_moveit/tm5-700_moveit_config' with type 'ros.ament_cmake' and name 'tm5-700_moveit_config'
[1.876s] Level 1:colcon.colcon_core.package_identification:_identify(omron_arm/tm_moveit/tm5-900_moveit_config) by extensions ['ignore', 'ignore_ament_install']
[1.876s] Level 1:colcon.colcon_core.package_identification:_identify(omron_arm/tm_moveit/tm5-900_moveit_config) by extension 'ignore'
[1.876s] Level 1:colcon.colcon_core.package_identification:_identify(omron_arm/tm_moveit/tm5-900_moveit_config) by extension 'ignore_ament_install'
[1.876s] Level 1:colcon.colcon_core.package_identification:_identify(omron_arm/tm_moveit/tm5-900_moveit_config) by extensions ['colcon_pkg']
[1.876s] Level 1:colcon.colcon_core.package_identification:_identify(omron_arm/tm_moveit/tm5-900_moveit_config) by extension 'colcon_pkg'
[1.876s] Level 1:colcon.colcon_core.package_identification:_identify(omron_arm/tm_moveit/tm5-900_moveit_config) by extensions ['colcon_meta']
[1.876s] Level 1:colcon.colcon_core.package_identification:_identify(omron_arm/tm_moveit/tm5-900_moveit_config) by extension 'colcon_meta'
[1.876s] Level 1:colcon.colcon_core.package_identification:_identify(omron_arm/tm_moveit/tm5-900_moveit_config) by extensions ['ros']
[1.876s] Level 1:colcon.colcon_core.package_identification:_identify(omron_arm/tm_moveit/tm5-900_moveit_config) by extension 'ros'
[1.878s] DEBUG:colcon.colcon_core.package_identification:Package 'omron_arm/tm_moveit/tm5-900_moveit_config' with type 'ros.ament_cmake' and name 'tm5-900_moveit_config'
[1.878s] Level 1:colcon.colcon_core.package_identification:_identify(omron_arm/tm_moveit/tm5x-700_moveit_config) by extensions ['ignore', 'ignore_ament_install']
[1.878s] Level 1:colcon.colcon_core.package_identification:_identify(omron_arm/tm_moveit/tm5x-700_moveit_config) by extension 'ignore'
[1.878s] Level 1:colcon.colcon_core.package_identification:_identify(omron_arm/tm_moveit/tm5x-700_moveit_config) by extension 'ignore_ament_install'
[1.878s] Level 1:colcon.colcon_core.package_identification:_identify(omron_arm/tm_moveit/tm5x-700_moveit_config) by extensions ['colcon_pkg']
[1.878s] Level 1:colcon.colcon_core.package_identification:_identify(omron_arm/tm_moveit/tm5x-700_moveit_config) by extension 'colcon_pkg'
[1.878s] Level 1:colcon.colcon_core.package_identification:_identify(omron_arm/tm_moveit/tm5x-700_moveit_config) by extensions ['colcon_meta']
[1.878s] Level 1:colcon.colcon_core.package_identification:_identify(omron_arm/tm_moveit/tm5x-700_moveit_config) by extension 'colcon_meta'
[1.878s] Level 1:colcon.colcon_core.package_identification:_identify(omron_arm/tm_moveit/tm5x-700_moveit_config) by extensions ['ros']
[1.878s] Level 1:colcon.colcon_core.package_identification:_identify(omron_arm/tm_moveit/tm5x-700_moveit_config) by extension 'ros'
[1.879s] DEBUG:colcon.colcon_core.package_identification:Package 'omron_arm/tm_moveit/tm5x-700_moveit_config' with type 'ros.ament_cmake' and name 'tm5x-700_moveit_config'
[1.880s] Level 1:colcon.colcon_core.package_identification:_identify(omron_arm/tm_moveit/tm5x-900_moveit_config) by extensions ['ignore', 'ignore_ament_install']
[1.880s] Level 1:colcon.colcon_core.package_identification:_identify(omron_arm/tm_moveit/tm5x-900_moveit_config) by extension 'ignore'
[1.880s] Level 1:colcon.colcon_core.package_identification:_identify(omron_arm/tm_moveit/tm5x-900_moveit_config) by extension 'ignore_ament_install'
[1.880s] Level 1:colcon.colcon_core.package_identification:_identify(omron_arm/tm_moveit/tm5x-900_moveit_config) by extensions ['colcon_pkg']
[1.880s] Level 1:colcon.colcon_core.package_identification:_identify(omron_arm/tm_moveit/tm5x-900_moveit_config) by extension 'colcon_pkg'
[1.880s] Level 1:colcon.colcon_core.package_identification:_identify(omron_arm/tm_moveit/tm5x-900_moveit_config) by extensions ['colcon_meta']
[1.880s] Level 1:colcon.colcon_core.package_identification:_identify(omron_arm/tm_moveit/tm5x-900_moveit_config) by extension 'colcon_meta'
[1.880s] Level 1:colcon.colcon_core.package_identification:_identify(omron_arm/tm_moveit/tm5x-900_moveit_config) by extensions ['ros']
[1.880s] Level 1:colcon.colcon_core.package_identification:_identify(omron_arm/tm_moveit/tm5x-900_moveit_config) by extension 'ros'
[1.881s] DEBUG:colcon.colcon_core.package_identification:Package 'omron_arm/tm_moveit/tm5x-900_moveit_config' with type 'ros.ament_cmake' and name 'tm5x-900_moveit_config'
[1.881s] Level 1:colcon.colcon_core.package_identification:_identify(omron_arm/tm_msgs) by extensions ['ignore', 'ignore_ament_install']
[1.881s] Level 1:colcon.colcon_core.package_identification:_identify(omron_arm/tm_msgs) by extension 'ignore'
[1.882s] Level 1:colcon.colcon_core.package_identification:_identify(omron_arm/tm_msgs) by extension 'ignore_ament_install'
[1.882s] Level 1:colcon.colcon_core.package_identification:_identify(omron_arm/tm_msgs) by extensions ['colcon_pkg']
[1.882s] Level 1:colcon.colcon_core.package_identification:_identify(omron_arm/tm_msgs) by extension 'colcon_pkg'
[1.882s] Level 1:colcon.colcon_core.package_identification:_identify(omron_arm/tm_msgs) by extensions ['colcon_meta']
[1.882s] Level 1:colcon.colcon_core.package_identification:_identify(omron_arm/tm_msgs) by extension 'colcon_meta'
[1.882s] Level 1:colcon.colcon_core.package_identification:_identify(omron_arm/tm_msgs) by extensions ['ros']
[1.882s] Level 1:colcon.colcon_core.package_identification:_identify(omron_arm/tm_msgs) by extension 'ros'
[1.883s] DEBUG:colcon.colcon_core.package_identification:Package 'omron_arm/tm_msgs' with type 'ros.ament_cmake' and name 'tm_msgs'
[1.883s] Level 1:colcon.colcon_core.package_identification:_identify(omron_arm/tm_test) by extensions ['ignore', 'ignore_ament_install']
[1.883s] Level 1:colcon.colcon_core.package_identification:_identify(omron_arm/tm_test) by extension 'ignore'
[1.883s] Level 1:colcon.colcon_core.package_identification:_identify(omron_arm/tm_test) by extension 'ignore_ament_install'
[1.883s] Level 1:colcon.colcon_core.package_identification:_identify(omron_arm/tm_test) by extensions ['colcon_pkg']
[1.883s] Level 1:colcon.colcon_core.package_identification:_identify(omron_arm/tm_test) by extension 'colcon_pkg'
[1.883s] Level 1:colcon.colcon_core.package_identification:_identify(omron_arm/tm_test) by extensions ['colcon_meta']
[1.883s] Level 1:colcon.colcon_core.package_identification:_identify(omron_arm/tm_test) by extension 'colcon_meta'
[1.883s] Level 1:colcon.colcon_core.package_identification:_identify(omron_arm/tm_test) by extensions ['ros']
[1.883s] Level 1:colcon.colcon_core.package_identification:_identify(omron_arm/tm_test) by extension 'ros'
[1.885s] DEBUG:colcon.colcon_core.package_identification:Package 'omron_arm/tm_test' with type 'ros.ament_cmake' and name 'tm_test'
[1.885s] Level 1:colcon.colcon_core.package_identification:_identify(pa_warehouse_status) by extensions ['ignore', 'ignore_ament_install']
[1.885s] Level 1:colcon.colcon_core.package_identification:_identify(pa_warehouse_status) by extension 'ignore'
[1.885s] Level 1:colcon.colcon_core.package_identification:_identify(pa_warehouse_status) by extension 'ignore_ament_install'
[1.885s] Level 1:colcon.colcon_core.package_identification:_identify(pa_warehouse_status) by extensions ['colcon_pkg']
[1.885s] Level 1:colcon.colcon_core.package_identification:_identify(pa_warehouse_status) by extension 'colcon_pkg'
[1.885s] Level 1:colcon.colcon_core.package_identification:_identify(pa_warehouse_status) by extensions ['colcon_meta']
[1.885s] Level 1:colcon.colcon_core.package_identification:_identify(pa_warehouse_status) by extension 'colcon_meta'
[1.886s] Level 1:colcon.colcon_core.package_identification:_identify(pa_warehouse_status) by extensions ['ros']
[1.886s] Level 1:colcon.colcon_core.package_identification:_identify(pa_warehouse_status) by extension 'ros'
[1.886s] DEBUG:colcon.colcon_core.package_identification:Package 'pa_warehouse_status' with type 'ros.ament_python' and name 'pa_warehouse_status'
[1.886s] Level 1:colcon.colcon_core.package_discovery:discover_packages(recursive) using defaults
[1.886s] Level 1:colcon.colcon_core.package_discovery:discover_packages(ignore) discover
[1.886s] Level 1:colcon.colcon_core.package_discovery:discover_packages(ignore) using defaults
[1.887s] Level 1:colcon.colcon_core.package_discovery:discover_packages(path) discover
[1.887s] Level 1:colcon.colcon_core.package_discovery:discover_packages(path) using defaults
[1.950s] INFO:colcon.colcon_core.package_selection:Skipping not selected package 'hand_solo_arm' in 'hand_solo_arm'
[1.950s] INFO:colcon.colcon_core.package_selection:Skipping not selected package 'pa_warehouse_status' in 'pa_warehouse_status'
[1.950s] INFO:colcon.colcon_core.package_selection:Skipping not selected package 'tm_description' in 'omron_arm/tm_description'
[1.951s] INFO:colcon.colcon_core.package_selection:Skipping not selected package 'tm_mod_urdf' in 'omron_arm/tm_mod_urdf'
[1.951s] INFO:colcon.colcon_core.package_selection:Skipping not selected package 'tm_msgs' in 'omron_arm/tm_msgs'
[1.951s] INFO:colcon.colcon_core.package_selection:Skipping not selected package 'tm12_moveit_config' in 'omron_arm/tm_moveit/tm12_moveit_config'
[1.951s] INFO:colcon.colcon_core.package_selection:Skipping not selected package 'tm12x_moveit_config' in 'omron_arm/tm_moveit/tm12x_moveit_config'
[1.951s] INFO:colcon.colcon_core.package_selection:Skipping not selected package 'tm14_moveit_config' in 'omron_arm/tm_moveit/tm14_moveit_config'
[1.951s] INFO:colcon.colcon_core.package_selection:Skipping not selected package 'tm14x_moveit_config' in 'omron_arm/tm_moveit/tm14x_moveit_config'
[1.951s] INFO:colcon.colcon_core.package_selection:Skipping not selected package 'tm16_moveit_config' in 'omron_arm/tm_moveit/tm16_moveit_config'
[1.951s] INFO:colcon.colcon_core.package_selection:Skipping not selected package 'tm20_moveit_config' in 'omron_arm/tm_moveit/tm20_moveit_config'
[1.951s] INFO:colcon.colcon_core.package_selection:Skipping not selected package 'tm5-700_moveit_config' in 'omron_arm/tm_moveit/tm5-700_moveit_config'
[1.951s] INFO:colcon.colcon_core.package_selection:Skipping not selected package 'tm5-900_moveit_config' in 'omron_arm/tm_moveit/tm5-900_moveit_config'
[1.951s] INFO:colcon.colcon_core.package_selection:Skipping not selected package 'tm5x-700_moveit_config' in 'omron_arm/tm_moveit/tm5x-700_moveit_config'
[1.951s] INFO:colcon.colcon_core.package_selection:Skipping not selected package 'tm5x-900_moveit_config' in 'omron_arm/tm_moveit/tm5x-900_moveit_config'
[1.951s] INFO:colcon.colcon_core.package_selection:Skipping not selected package 'tm_driver' in 'omron_arm/tm_driver'
[1.951s] INFO:colcon.colcon_core.package_selection:Skipping not selected package 'tm_inspect' in 'omron_arm/tm_inspect'
[1.951s] INFO:colcon.colcon_core.package_selection:Skipping not selected package 'tm_test' in 'omron_arm/tm_test'
[1.952s] Level 5:colcon.colcon_core.verb:set package 'hand_solo_virtual_nav' build argument 'cmake_args' from command line to 'None'
[1.952s] Level 5:colcon.colcon_core.verb:set package 'hand_solo_virtual_nav' build argument 'cmake_target' from command line to 'None'
[1.952s] Level 5:colcon.colcon_core.verb:set package 'hand_solo_virtual_nav' build argument 'cmake_target_skip_unavailable' from command line to 'False'
[1.952s] Level 5:colcon.colcon_core.verb:set package 'hand_solo_virtual_nav' build argument 'cmake_clean_cache' from command line to 'False'
[1.952s] Level 5:colcon.colcon_core.verb:set package 'hand_solo_virtual_nav' build argument 'cmake_clean_first' from command line to 'False'
[1.952s] Level 5:colcon.colcon_core.verb:set package 'hand_solo_virtual_nav' build argument 'cmake_force_configure' from command line to 'False'
[1.952s] Level 5:colcon.colcon_core.verb:set package 'hand_solo_virtual_nav' build argument 'ament_cmake_args' from command line to 'None'
[1.952s] Level 5:colcon.colcon_core.verb:set package 'hand_solo_virtual_nav' build argument 'catkin_cmake_args' from command line to 'None'
[1.952s] Level 5:colcon.colcon_core.verb:set package 'hand_solo_virtual_nav' build argument 'catkin_skip_building_tests' from command line to 'False'
[1.952s] DEBUG:colcon.colcon_core.verb:Building package 'hand_solo_virtual_nav' with the following arguments: {'ament_cmake_args': None, 'build_base': '/IRS_2025_67/build/hand_solo_virtual_nav', 'catkin_cmake_args': None, 'catkin_skip_building_tests': False, 'cmake_args': None, 'cmake_clean_cache': False, 'cmake_clean_first': False, 'cmake_force_configure': False, 'cmake_target': None, 'cmake_target_skip_unavailable': False, 'install_base': '/IRS_2025_67/install/hand_solo_virtual_nav', 'merge_install': False, 'path': '/IRS_2025_67/hand_solo_virtual_nav', 'symlink_install': False, 'test_result_base': None}
[1.953s] INFO:colcon.colcon_core.executor:Executing jobs using 'parallel' executor
[1.954s] DEBUG:colcon.colcon_parallel_executor.executor.parallel:run_until_complete
[1.954s] INFO:colcon.colcon_ros.task.ament_python.build:Building ROS package in '/IRS_2025_67/hand_solo_virtual_nav' with build type 'ament_python'
[1.954s] Level 1:colcon.colcon_core.shell:create_environment_hook('hand_solo_virtual_nav', 'ament_prefix_path')
[1.982s] INFO:colcon.colcon_core.plugin_system:Skipping extension 'colcon_core.shell.bat': Not used on non-Windows systems
[1.983s] INFO:colcon.colcon_core.shell:Creating environment hook '/IRS_2025_67/install/hand_solo_virtual_nav/share/hand_solo_virtual_nav/hook/ament_prefix_path.ps1'
[1.984s] INFO:colcon.colcon_core.shell:Creating environment descriptor '/IRS_2025_67/install/hand_solo_virtual_nav/share/hand_solo_virtual_nav/hook/ament_prefix_path.dsv'
[1.984s] INFO:colcon.colcon_core.shell:Creating environment hook '/IRS_2025_67/install/hand_solo_virtual_nav/share/hand_solo_virtual_nav/hook/ament_prefix_path.sh'
[1.985s] INFO:colcon.colcon_core.shell:Skip shell extension 'powershell' for command environment: Not usable outside of PowerShell
[1.985s] DEBUG:colcon.colcon_core.shell:Skip shell extension 'dsv' for command environment
[2.272s] INFO:colcon.colcon_core.task.python.build:Building Python package in '/IRS_2025_67/hand_solo_virtual_nav'
[2.272s] INFO:colcon.colcon_core.shell:Skip shell extension 'powershell' for command environment: Not usable outside of PowerShell
[2.272s] DEBUG:colcon.colcon_core.shell:Skip shell extension 'dsv' for command environment
[3.160s] DEBUG:colcon.colcon_core.event_handler.log_command:Invoking command in '/IRS_2025_67/hand_solo_virtual_nav': PYTHONPATH=/IRS_2025_67/build/hand_solo_virtual_nav/prefix_override:/usr/lib/python3/dist-packages/colcon_core/task/python/colcon_distutils_commands:/IRS_2025_67/install/hand_solo_virtual_nav/lib/python3.10/site-packages:${PYTHONPATH} /usr/bin/python3 -W ignore:setup.py install is deprecated -W ignore:easy_install command is deprecated setup.py egg_info --egg-base ../build/hand_solo_virtual_nav build --build-base /IRS_2025_67/build/hand_solo_virtual_nav/build install --record /IRS_2025_67/build/hand_solo_virtual_nav/install.log --single-version-externally-managed install_data
[3.461s] DEBUG:colcon.colcon_core.event_handler.log_command:Invoked command in '/IRS_2025_67/hand_solo_virtual_nav' returned '0': PYTHONPATH=/IRS_2025_67/build/hand_solo_virtual_nav/prefix_override:/usr/lib/python3/dist-packages/colcon_core/task/python/colcon_distutils_commands:/IRS_2025_67/install/hand_solo_virtual_nav/lib/python3.10/site-packages:${PYTHONPATH} /usr/bin/python3 -W ignore:setup.py install is deprecated -W ignore:easy_install command is deprecated setup.py egg_info --egg-base ../build/hand_solo_virtual_nav build --build-base /IRS_2025_67/build/hand_solo_virtual_nav/build install --record /IRS_2025_67/build/hand_solo_virtual_nav/install.log --single-version-externally-managed install_data
[3.465s] Level 1:colcon.colcon_core.environment:checking '/IRS_2025_67/install/hand_solo_virtual_nav' for CMake module files
[3.465s] Level 1:colcon.colcon_core.environment:checking '/IRS_2025_67/install/hand_solo_virtual_nav' for CMake config files
[3.466s] Level 1:colcon.colcon_core.environment:checking '/IRS_2025_67/install/hand_solo_virtual_nav/lib'
[3.466s] Level 1:colcon.colcon_core.environment:checking '/IRS_2025_67/install/hand_solo_virtual_nav/bin'
[3.466s] Level 1:colcon.colcon_core.environment:checking '/IRS_2025_67/install/hand_solo_virtual_nav/lib/pkgconfig/hand_solo_virtual_nav.pc'
[3.467s] Level 1:colcon.colcon_core.environment:checking '/IRS_2025_67/install/hand_solo_virtual_nav/lib/python3.10/site-packages'
[3.467s] Level 1:colcon.colcon_core.shell:create_environment_hook('hand_solo_virtual_nav', 'pythonpath')
[3.467s] INFO:colcon.colcon_core.shell:Creating environment hook '/IRS_2025_67/install/hand_solo_virtual_nav/share/hand_solo_virtual_nav/hook/pythonpath.ps1'
[3.468s] INFO:colcon.colcon_core.shell:Creating environment descriptor '/IRS_2025_67/install/hand_solo_virtual_nav/share/hand_solo_virtual_nav/hook/pythonpath.dsv'
[3.468s] INFO:colcon.colcon_core.shell:Creating environment hook '/IRS_2025_67/install/hand_solo_virtual_nav/share/hand_solo_virtual_nav/hook/pythonpath.sh'
[3.469s] Level 1:colcon.colcon_core.environment:checking '/IRS_2025_67/install/hand_solo_virtual_nav/bin'
[3.469s] Level 1:colcon.colcon_core.environment:create_environment_scripts_only(hand_solo_virtual_nav)
[3.469s] INFO:colcon.colcon_core.shell:Creating package script '/IRS_2025_67/install/hand_solo_virtual_nav/share/hand_solo_virtual_nav/package.ps1'
[3.470s] INFO:colcon.colcon_core.shell:Creating package descriptor '/IRS_2025_67/install/hand_solo_virtual_nav/share/hand_solo_virtual_nav/package.dsv'
[3.471s] INFO:colcon.colcon_core.shell:Creating package script '/IRS_2025_67/install/hand_solo_virtual_nav/share/hand_solo_virtual_nav/package.sh'
[3.472s] INFO:colcon.colcon_core.shell:Creating package script '/IRS_2025_67/install/hand_solo_virtual_nav/share/hand_solo_virtual_nav/package.bash'
[3.473s] INFO:colcon.colcon_core.shell:Creating package script '/IRS_2025_67/install/hand_solo_virtual_nav/share/hand_solo_virtual_nav/package.zsh'
[3.474s] Level 1:colcon.colcon_core.environment:create_file_with_runtime_dependencies(/IRS_2025_67/install/hand_solo_virtual_nav/share/colcon-core/packages/hand_solo_virtual_nav)
[3.475s] DEBUG:colcon.colcon_parallel_executor.executor.parallel:closing loop
[3.475s] DEBUG:colcon.colcon_parallel_executor.executor.parallel:loop closed
[3.475s] DEBUG:colcon.colcon_parallel_executor.executor.parallel:run_until_complete finished with '0'
[3.475s] DEBUG:colcon.colcon_core.event_reactor:joining thread
[3.496s] INFO:colcon.colcon_core.plugin_system:Skipping extension 'colcon_notification.desktop_notification.notify_send': Could not find 'notify-send'
[3.496s] INFO:colcon.colcon_core.plugin_system:Skipping extension 'colcon_notification.desktop_notification.terminal_notifier': Not used on non-Darwin systems
[3.496s] INFO:colcon.colcon_core.plugin_system:Skipping extension 'colcon_notification.desktop_notification.win32': Not used on non-Windows systems
[3.496s] INFO:colcon.colcon_notification.desktop_notification:Sending desktop notification using 'notify2'
[3.499s] DEBUG:colcon.colcon_notification.desktop_notification.notify2:Failed to initialize notify2: org.freedesktop.DBus.Error.Spawn.ExecFailed: /usr/bin/dbus-launch terminated abnormally without any error message
[3.500s] DEBUG:colcon.colcon_core.event_reactor:joined thread
[3.500s] INFO:colcon.colcon_core.shell:Creating prefix script '/IRS_2025_67/install/local_setup.ps1'
[3.502s] INFO:colcon.colcon_core.shell:Creating prefix util module '/IRS_2025_67/install/_local_setup_util_ps1.py'
[3.504s] INFO:colcon.colcon_core.shell:Creating prefix chain script '/IRS_2025_67/install/setup.ps1'
[3.506s] INFO:colcon.colcon_core.shell:Creating prefix script '/IRS_2025_67/install/local_setup.sh'
[3.506s] INFO:colcon.colcon_core.shell:Creating prefix util module '/IRS_2025_67/install/_local_setup_util_sh.py'
[3.507s] INFO:colcon.colcon_core.shell:Creating prefix chain script '/IRS_2025_67/install/setup.sh'
[3.508s] INFO:colcon.colcon_core.shell:Creating prefix script '/IRS_2025_67/install/local_setup.bash'
[3.509s] INFO:colcon.colcon_core.shell:Creating prefix chain script '/IRS_2025_67/install/setup.bash'
[3.511s] INFO:colcon.colcon_core.shell:Creating prefix script '/IRS_2025_67/install/local_setup.zsh'
[3.511s] INFO:colcon.colcon_core.shell:Creating prefix chain script '/IRS_2025_67/install/setup.zsh'
