[0.832s] Invoking command in '/IRS_2025_67/hand_solo_virtual_nav': PYTHONPATH=/IRS_2025_67/hand_solo_virtual_nav/build/hand_solo_virtual_nav/prefix_override:/usr/lib/python3/dist-packages/colcon_core/task/python/colcon_distutils_commands:/IRS_2025_67/hand_solo_virtual_nav/install/hand_solo_virtual_nav/lib/python3.10/site-packages:${PYTHONPATH} /usr/bin/python3 -W ignore:setup.py install is deprecated -W ignore:easy_install command is deprecated setup.py egg_info --egg-base build/hand_solo_virtual_nav build --build-base /IRS_2025_67/hand_solo_virtual_nav/build/hand_solo_virtual_nav/build install --record /IRS_2025_67/hand_solo_virtual_nav/build/hand_solo_virtual_nav/install.log --single-version-externally-managed install_data
[1.175s] running egg_info
[1.176s] creating build/hand_solo_virtual_nav/hand_solo_virtual_nav.egg-info
[1.176s] writing build/hand_solo_virtual_nav/hand_solo_virtual_nav.egg-info/PKG-INFO
[1.177s] writing dependency_links to build/hand_solo_virtual_nav/hand_solo_virtual_nav.egg-info/dependency_links.txt
[1.177s] writing entry points to build/hand_solo_virtual_nav/hand_solo_virtual_nav.egg-info/entry_points.txt
[1.177s] writing requirements to build/hand_solo_virtual_nav/hand_solo_virtual_nav.egg-info/requires.txt
[1.177s] writing top-level names to build/hand_solo_virtual_nav/hand_solo_virtual_nav.egg-info/top_level.txt
[1.178s] writing manifest file 'build/hand_solo_virtual_nav/hand_solo_virtual_nav.egg-info/SOURCES.txt'
[1.180s] reading manifest file 'build/hand_solo_virtual_nav/hand_solo_virtual_nav.egg-info/SOURCES.txt'
[1.180s] adding license file 'LICENSE'
[1.180s] writing manifest file 'build/hand_solo_virtual_nav/hand_solo_virtual_nav.egg-info/SOURCES.txt'
[1.181s] running build
[1.181s] running build_py
[1.181s] creating /IRS_2025_67/hand_solo_virtual_nav/build/hand_solo_virtual_nav/build
[1.181s] creating /IRS_2025_67/hand_solo_virtual_nav/build/hand_solo_virtual_nav/build/lib
[1.181s] creating /IRS_2025_67/hand_solo_virtual_nav/build/hand_solo_virtual_nav/build/lib/hand_solo_virtual_nav
[1.181s] copying hand_solo_virtual_nav/__init__.py -> /IRS_2025_67/hand_solo_virtual_nav/build/hand_solo_virtual_nav/build/lib/hand_solo_virtual_nav
[1.182s] copying hand_solo_virtual_nav/hs_waypoint_follower.py -> /IRS_2025_67/hand_solo_virtual_nav/build/hand_solo_virtual_nav/build/lib/hand_solo_virtual_nav
[1.182s] running install
[1.182s] running install_lib
[1.183s] creating /IRS_2025_67/hand_solo_virtual_nav/install/hand_solo_virtual_nav/lib/python3.10/site-packages/hand_solo_virtual_nav
[1.183s] copying /IRS_2025_67/hand_solo_virtual_nav/build/hand_solo_virtual_nav/build/lib/hand_solo_virtual_nav/__init__.py -> /IRS_2025_67/hand_solo_virtual_nav/install/hand_solo_virtual_nav/lib/python3.10/site-packages/hand_solo_virtual_nav
[1.183s] copying /IRS_2025_67/hand_solo_virtual_nav/build/hand_solo_virtual_nav/build/lib/hand_solo_virtual_nav/hs_waypoint_follower.py -> /IRS_2025_67/hand_solo_virtual_nav/install/hand_solo_virtual_nav/lib/python3.10/site-packages/hand_solo_virtual_nav
[1.183s] byte-compiling /IRS_2025_67/hand_solo_virtual_nav/install/hand_solo_virtual_nav/lib/python3.10/site-packages/hand_solo_virtual_nav/__init__.py to __init__.cpython-310.pyc
[1.184s] byte-compiling /IRS_2025_67/hand_solo_virtual_nav/install/hand_solo_virtual_nav/lib/python3.10/site-packages/hand_solo_virtual_nav/hs_waypoint_follower.py to hs_waypoint_follower.cpython-310.pyc
[1.184s] running install_data
[1.184s] creating /IRS_2025_67/hand_solo_virtual_nav/install/hand_solo_virtual_nav/share/ament_index
[1.184s] creating /IRS_2025_67/hand_solo_virtual_nav/install/hand_solo_virtual_nav/share/ament_index/resource_index
[1.184s] creating /IRS_2025_67/hand_solo_virtual_nav/install/hand_solo_virtual_nav/share/ament_index/resource_index/packages
[1.185s] copying resource/hand_solo_virtual_nav -> /IRS_2025_67/hand_solo_virtual_nav/install/hand_solo_virtual_nav/share/ament_index/resource_index/packages
[1.185s] copying package.xml -> /IRS_2025_67/hand_solo_virtual_nav/install/hand_solo_virtual_nav/share/hand_solo_virtual_nav
[1.185s] running install_egg_info
[1.187s] Copying build/hand_solo_virtual_nav/hand_solo_virtual_nav.egg-info to /IRS_2025_67/hand_solo_virtual_nav/install/hand_solo_virtual_nav/lib/python3.10/site-packages/hand_solo_virtual_nav-0.0.0-py3.10.egg-info
[1.188s] running install_scripts
[1.216s] Installing hs_waypoint_follower script to /IRS_2025_67/hand_solo_virtual_nav/install/hand_solo_virtual_nav/lib/hand_solo_virtual_nav
[1.216s] writing list of installed files to '/IRS_2025_67/hand_solo_virtual_nav/build/hand_solo_virtual_nav/install.log'
[1.257s] Invoked command in '/IRS_2025_67/hand_solo_virtual_nav' returned '0': PYTHONPATH=/IRS_2025_67/hand_solo_virtual_nav/build/hand_solo_virtual_nav/prefix_override:/usr/lib/python3/dist-packages/colcon_core/task/python/colcon_distutils_commands:/IRS_2025_67/hand_solo_virtual_nav/install/hand_solo_virtual_nav/lib/python3.10/site-packages:${PYTHONPATH} /usr/bin/python3 -W ignore:setup.py install is deprecated -W ignore:easy_install command is deprecated setup.py egg_info --egg-base build/hand_solo_virtual_nav build --build-base /IRS_2025_67/hand_solo_virtual_nav/build/hand_solo_virtual_nav/build install --record /IRS_2025_67/hand_solo_virtual_nav/build/hand_solo_virtual_nav/install.log --single-version-externally-managed install_data
