[0.877s] Invoking command in '/IRS_2025_67/pa_warehouse_status': PYTHONPATH=/IRS_2025_67/build/pa_warehouse_status/prefix_override:/usr/lib/python3/dist-packages/colcon_core/task/python/colcon_distutils_commands:/IRS_2025_67/install/pa_warehouse_status/lib/python3.10/site-packages:${PYTHONPATH} /usr/bin/python3 -W ignore:setup.py install is deprecated -W ignore:easy_install command is deprecated setup.py egg_info --egg-base ../build/pa_warehouse_status build --build-base /IRS_2025_67/build/pa_warehouse_status/build install --record /IRS_2025_67/build/pa_warehouse_status/install.log --single-version-externally-managed install_data
[1.149s] running egg_info
[1.149s] writing ../build/pa_warehouse_status/pa_warehouse_status.egg-info/PKG-INFO
[1.150s] writing dependency_links to ../build/pa_warehouse_status/pa_warehouse_status.egg-info/dependency_links.txt
[1.150s] writing entry points to ../build/pa_warehouse_status/pa_warehouse_status.egg-info/entry_points.txt
[1.150s] writing requirements to ../build/pa_warehouse_status/pa_warehouse_status.egg-info/requires.txt
[1.150s] writing top-level names to ../build/pa_warehouse_status/pa_warehouse_status.egg-info/top_level.txt
[1.152s] reading manifest file '../build/pa_warehouse_status/pa_warehouse_status.egg-info/SOURCES.txt'
[1.152s] adding license file 'LICENSE'
[1.153s] writing manifest file '../build/pa_warehouse_status/pa_warehouse_status.egg-info/SOURCES.txt'
[1.153s] running build
[1.154s] running build_py
[1.154s] copying pa_warehouse_status/pineapple_gossip_bot.py -> /IRS_2025_67/build/pa_warehouse_status/build/lib/pa_warehouse_status
[1.154s] copying pa_warehouse_status/plc_hmi_listener.py -> /IRS_2025_67/build/pa_warehouse_status/build/lib/pa_warehouse_status
[1.154s] running install
[1.155s] running install_lib
[1.156s] copying /IRS_2025_67/build/pa_warehouse_status/build/lib/pa_warehouse_status/pineapple_gossip_bot.py -> /IRS_2025_67/install/pa_warehouse_status/lib/python3.10/site-packages/pa_warehouse_status
[1.156s] copying /IRS_2025_67/build/pa_warehouse_status/build/lib/pa_warehouse_status/plc_hmi_listener.py -> /IRS_2025_67/install/pa_warehouse_status/lib/python3.10/site-packages/pa_warehouse_status
[1.157s] byte-compiling /IRS_2025_67/install/pa_warehouse_status/lib/python3.10/site-packages/pa_warehouse_status/pineapple_gossip_bot.py to pineapple_gossip_bot.cpython-310.pyc
[1.157s] byte-compiling /IRS_2025_67/install/pa_warehouse_status/lib/python3.10/site-packages/pa_warehouse_status/plc_hmi_listener.py to plc_hmi_listener.cpython-310.pyc
[1.158s] running install_data
[1.158s] running install_egg_info
[1.160s] removing '/IRS_2025_67/install/pa_warehouse_status/lib/python3.10/site-packages/pa_warehouse_status-0.0.0-py3.10.egg-info' (and everything under it)
[1.161s] Copying ../build/pa_warehouse_status/pa_warehouse_status.egg-info to /IRS_2025_67/install/pa_warehouse_status/lib/python3.10/site-packages/pa_warehouse_status-0.0.0-py3.10.egg-info
[1.183s] running install_scripts
[1.211s] Installing pineapple_gossip_bot script to /IRS_2025_67/install/pa_warehouse_status/lib/pa_warehouse_status
[1.211s] Installing plc_hmi_listener script to /IRS_2025_67/install/pa_warehouse_status/lib/pa_warehouse_status
[1.212s] writing list of installed files to '/IRS_2025_67/build/pa_warehouse_status/install.log'
[1.241s] Invoked command in '/IRS_2025_67/pa_warehouse_status' returned '0': PYTHONPATH=/IRS_2025_67/build/pa_warehouse_status/prefix_override:/usr/lib/python3/dist-packages/colcon_core/task/python/colcon_distutils_commands:/IRS_2025_67/install/pa_warehouse_status/lib/python3.10/site-packages:${PYTHONPATH} /usr/bin/python3 -W ignore:setup.py install is deprecated -W ignore:easy_install command is deprecated setup.py egg_info --egg-base ../build/pa_warehouse_status build --build-base /IRS_2025_67/build/pa_warehouse_status/build install --record /IRS_2025_67/build/pa_warehouse_status/install.log --single-version-externally-managed install_data
