[0.704s] Invoking command in '/IRS_2025_67/hand_solo_virtual_nav': PYTHONPATH=/IRS_2025_67/build/hand_solo_virtual_nav/prefix_override:/usr/lib/python3/dist-packages/colcon_core/task/python/colcon_distutils_commands:/IRS_2025_67/install/hand_solo_virtual_nav/lib/python3.10/site-packages:${PYTHONPATH} /usr/bin/python3 -W ignore:setup.py install is deprecated -W ignore:easy_install command is deprecated setup.py egg_info --egg-base ../build/hand_solo_virtual_nav build --build-base /IRS_2025_67/build/hand_solo_virtual_nav/build install --record /IRS_2025_67/build/hand_solo_virtual_nav/install.log --single-version-externally-managed install_data
[0.971s] running egg_info
[0.971s] creating ../build/hand_solo_virtual_nav/hand_solo_virtual_nav.egg-info
[0.972s] writing ../build/hand_solo_virtual_nav/hand_solo_virtual_nav.egg-info/PKG-INFO
[0.972s] writing dependency_links to ../build/hand_solo_virtual_nav/hand_solo_virtual_nav.egg-info/dependency_links.txt
[0.972s] writing entry points to ../build/hand_solo_virtual_nav/hand_solo_virtual_nav.egg-info/entry_points.txt
[0.972s] writing requirements to ../build/hand_solo_virtual_nav/hand_solo_virtual_nav.egg-info/requires.txt
[0.973s] writing top-level names to ../build/hand_solo_virtual_nav/hand_solo_virtual_nav.egg-info/top_level.txt
[0.973s] writing manifest file '../build/hand_solo_virtual_nav/hand_solo_virtual_nav.egg-info/SOURCES.txt'
[0.974s] reading manifest file '../build/hand_solo_virtual_nav/hand_solo_virtual_nav.egg-info/SOURCES.txt'
[0.974s] adding license file 'LICENSE'
[0.975s] writing manifest file '../build/hand_solo_virtual_nav/hand_solo_virtual_nav.egg-info/SOURCES.txt'
[0.975s] running build
[0.975s] running build_py
[0.976s] creating /IRS_2025_67/build/hand_solo_virtual_nav/build
[0.976s] creating /IRS_2025_67/build/hand_solo_virtual_nav/build/lib
[0.976s] creating /IRS_2025_67/build/hand_solo_virtual_nav/build/lib/hand_solo_virtual_nav
[0.976s] copying hand_solo_virtual_nav/__init__.py -> /IRS_2025_67/build/hand_solo_virtual_nav/build/lib/hand_solo_virtual_nav
[0.976s] copying hand_solo_virtual_nav/hs_waypoint_follower.py -> /IRS_2025_67/build/hand_solo_virtual_nav/build/lib/hand_solo_virtual_nav
[0.976s] running install
[0.976s] running install_lib
[0.977s] creating /IRS_2025_67/install/hand_solo_virtual_nav/lib/python3.10/site-packages/hand_solo_virtual_nav
[0.977s] copying /IRS_2025_67/build/hand_solo_virtual_nav/build/lib/hand_solo_virtual_nav/__init__.py -> /IRS_2025_67/install/hand_solo_virtual_nav/lib/python3.10/site-packages/hand_solo_virtual_nav
[0.977s] copying /IRS_2025_67/build/hand_solo_virtual_nav/build/lib/hand_solo_virtual_nav/hs_waypoint_follower.py -> /IRS_2025_67/install/hand_solo_virtual_nav/lib/python3.10/site-packages/hand_solo_virtual_nav
[0.978s] byte-compiling /IRS_2025_67/install/hand_solo_virtual_nav/lib/python3.10/site-packages/hand_solo_virtual_nav/__init__.py to __init__.cpython-310.pyc
[0.978s] byte-compiling /IRS_2025_67/install/hand_solo_virtual_nav/lib/python3.10/site-packages/hand_solo_virtual_nav/hs_waypoint_follower.py to hs_waypoint_follower.cpython-310.pyc
[0.979s] running install_data
[0.979s] creating /IRS_2025_67/install/hand_solo_virtual_nav/share/ament_index
[0.979s] creating /IRS_2025_67/install/hand_solo_virtual_nav/share/ament_index/resource_index
[0.979s] creating /IRS_2025_67/install/hand_solo_virtual_nav/share/ament_index/resource_index/packages
[0.979s] copying resource/hand_solo_virtual_nav -> /IRS_2025_67/install/hand_solo_virtual_nav/share/ament_index/resource_index/packages
[0.979s] copying package.xml -> /IRS_2025_67/install/hand_solo_virtual_nav/share/hand_solo_virtual_nav
[0.979s] running install_egg_info
[0.981s] Copying ../build/hand_solo_virtual_nav/hand_solo_virtual_nav.egg-info to /IRS_2025_67/install/hand_solo_virtual_nav/lib/python3.10/site-packages/hand_solo_virtual_nav-0.0.0-py3.10.egg-info
[0.982s] running install_scripts
[1.006s] Installing hs_waypoint_follower script to /IRS_2025_67/install/hand_solo_virtual_nav/lib/hand_solo_virtual_nav
[1.007s] writing list of installed files to '/IRS_2025_67/build/hand_solo_virtual_nav/install.log'
[1.041s] Invoked command in '/IRS_2025_67/hand_solo_virtual_nav' returned '0': PYTHONPATH=/IRS_2025_67/build/hand_solo_virtual_nav/prefix_override:/usr/lib/python3/dist-packages/colcon_core/task/python/colcon_distutils_commands:/IRS_2025_67/install/hand_solo_virtual_nav/lib/python3.10/site-packages:${PYTHONPATH} /usr/bin/python3 -W ignore:setup.py install is deprecated -W ignore:easy_install command is deprecated setup.py egg_info --egg-base ../build/hand_solo_virtual_nav build --build-base /IRS_2025_67/build/hand_solo_virtual_nav/build install --record /IRS_2025_67/build/hand_solo_virtual_nav/install.log --single-version-externally-managed install_data
