[0.792s] Invoking command in '/home/student/IRS_2025_67/hand_solo_arm': PYTHONPATH=/home/student/IRS_2025_67/build/hand_solo_arm/prefix_override:/usr/lib/python3/dist-packages/colcon_core/task/python/colcon_distutils_commands:/home/student/IRS_2025_67/install/hand_solo_arm/lib/python3.10/site-packages:${PYTHONPATH} /usr/bin/python3 -W ignore:setup.py install is deprecated -W ignore:easy_install command is deprecated setup.py egg_info --egg-base ../build/hand_solo_arm build --build-base /home/student/IRS_2025_67/build/hand_solo_arm/build install --record /home/student/IRS_2025_67/build/hand_solo_arm/install.log --single-version-externally-managed install_data
[1.013s] running egg_info
[1.014s] creating ../build/hand_solo_arm/hand_solo_arm.egg-info
[1.016s] writing ../build/hand_solo_arm/hand_solo_arm.egg-info/PKG-INFO
[1.018s] writing dependency_links to ../build/hand_solo_arm/hand_solo_arm.egg-info/dependency_links.txt
[1.018s] writing entry points to ../build/hand_solo_arm/hand_solo_arm.egg-info/entry_points.txt
[1.019s] writing requirements to ../build/hand_solo_arm/hand_solo_arm.egg-info/requires.txt
[1.019s] writing top-level names to ../build/hand_solo_arm/hand_solo_arm.egg-info/top_level.txt
[1.020s] writing manifest file '../build/hand_solo_arm/hand_solo_arm.egg-info/SOURCES.txt'
[1.026s] reading manifest file '../build/hand_solo_arm/hand_solo_arm.egg-info/SOURCES.txt'
[1.026s] writing manifest file '../build/hand_solo_arm/hand_solo_arm.egg-info/SOURCES.txt'
[1.027s] running build
[1.027s] running build_py
[1.027s] creating /home/student/IRS_2025_67/build/hand_solo_arm/build
[1.027s] creating /home/student/IRS_2025_67/build/hand_solo_arm/build/lib
[1.027s] creating /home/student/IRS_2025_67/build/hand_solo_arm/build/lib/hand_solo_arm
[1.027s] copying hand_solo_arm/hs_pick_place.py -> /home/student/IRS_2025_67/build/hand_solo_arm/build/lib/hand_solo_arm
[1.028s] copying hand_solo_arm/__init__.py -> /home/student/IRS_2025_67/build/hand_solo_arm/build/lib/hand_solo_arm
[1.028s] running install
[1.028s] running install_lib
[1.029s] creating /home/student/IRS_2025_67/install/hand_solo_arm/lib/python3.10/site-packages/hand_solo_arm
[1.030s] copying /home/student/IRS_2025_67/build/hand_solo_arm/build/lib/hand_solo_arm/hs_pick_place.py -> /home/student/IRS_2025_67/install/hand_solo_arm/lib/python3.10/site-packages/hand_solo_arm
[1.030s] copying /home/student/IRS_2025_67/build/hand_solo_arm/build/lib/hand_solo_arm/__init__.py -> /home/student/IRS_2025_67/install/hand_solo_arm/lib/python3.10/site-packages/hand_solo_arm
[1.030s] byte-compiling /home/student/IRS_2025_67/install/hand_solo_arm/lib/python3.10/site-packages/hand_solo_arm/hs_pick_place.py to hs_pick_place.cpython-310.pyc
[1.031s] byte-compiling /home/student/IRS_2025_67/install/hand_solo_arm/lib/python3.10/site-packages/hand_solo_arm/__init__.py to __init__.cpython-310.pyc
[1.032s] running install_data
[1.032s] creating /home/student/IRS_2025_67/install/hand_solo_arm/share/ament_index
[1.032s] creating /home/student/IRS_2025_67/install/hand_solo_arm/share/ament_index/resource_index
[1.032s] creating /home/student/IRS_2025_67/install/hand_solo_arm/share/ament_index/resource_index/packages
[1.032s] copying resource/hand_solo_arm -> /home/student/IRS_2025_67/install/hand_solo_arm/share/ament_index/resource_index/packages
[1.032s] copying package.xml -> /home/student/IRS_2025_67/install/hand_solo_arm/share/hand_solo_arm
[1.032s] running install_egg_info
[1.035s] Copying ../build/hand_solo_arm/hand_solo_arm.egg-info to /home/student/IRS_2025_67/install/hand_solo_arm/lib/python3.10/site-packages/hand_solo_arm-0.0.0-py3.10.egg-info
[1.036s] running install_scripts
[1.059s] Installing hs_pick_place script to /home/student/IRS_2025_67/install/hand_solo_arm/lib/hand_solo_arm
[1.060s] writing list of installed files to '/home/student/IRS_2025_67/build/hand_solo_arm/install.log'
[1.115s] Invoked command in '/home/student/IRS_2025_67/hand_solo_arm' returned '0': PYTHONPATH=/home/student/IRS_2025_67/build/hand_solo_arm/prefix_override:/usr/lib/python3/dist-packages/colcon_core/task/python/colcon_distutils_commands:/home/student/IRS_2025_67/install/hand_solo_arm/lib/python3.10/site-packages:${PYTHONPATH} /usr/bin/python3 -W ignore:setup.py install is deprecated -W ignore:easy_install command is deprecated setup.py egg_info --egg-base ../build/hand_solo_arm build --build-base /home/student/IRS_2025_67/build/hand_solo_arm/build install --record /home/student/IRS_2025_67/build/hand_solo_arm/install.log --single-version-externally-managed install_data
