[0.752s] Invoking command in '/IRS_2025_67/hand_solo_virtual_nav': PYTHONPATH=/IRS_2025_67/build/hand_solo_virtual_nav/prefix_override:/usr/lib/python3/dist-packages/colcon_core/task/python/colcon_distutils_commands:/IRS_2025_67/install/hand_solo_virtual_nav/lib/python3.10/site-packages:${PYTHONPATH} /usr/bin/python3 -W ignore:setup.py install is deprecated -W ignore:easy_install command is deprecated setup.py egg_info --egg-base ../build/hand_solo_virtual_nav build --build-base /IRS_2025_67/build/hand_solo_virtual_nav/build install --record /IRS_2025_67/build/hand_solo_virtual_nav/install.log --single-version-externally-managed install_data
[1.023s] running egg_info
[1.023s] writing ../build/hand_solo_virtual_nav/hand_solo_virtual_nav.egg-info/PKG-INFO
[1.024s] writing dependency_links to ../build/hand_solo_virtual_nav/hand_solo_virtual_nav.egg-info/dependency_links.txt
[1.024s] writing entry points to ../build/hand_solo_virtual_nav/hand_solo_virtual_nav.egg-info/entry_points.txt
[1.024s] writing requirements to ../build/hand_solo_virtual_nav/hand_solo_virtual_nav.egg-info/requires.txt
[1.024s] writing top-level names to ../build/hand_solo_virtual_nav/hand_solo_virtual_nav.egg-info/top_level.txt
[1.026s] reading manifest file '../build/hand_solo_virtual_nav/hand_solo_virtual_nav.egg-info/SOURCES.txt'
[1.026s] adding license file 'LICENSE'
[1.027s] writing manifest file '../build/hand_solo_virtual_nav/hand_solo_virtual_nav.egg-info/SOURCES.txt'
[1.027s] running build
[1.027s] running build_py
[1.028s] running install
[1.028s] running install_lib
[1.029s] running install_data
[1.030s] copying package.xml -> /IRS_2025_67/install/hand_solo_virtual_nav/share/hand_solo_virtual_nav
[1.030s] creating /IRS_2025_67/install/hand_solo_virtual_nav/share/hand_solo_virtual_nav/launch
[1.030s] copying launch/mapping_launch.py -> /IRS_2025_67/install/hand_solo_virtual_nav/share/hand_solo_virtual_nav/launch
[1.030s] creating /IRS_2025_67/install/hand_solo_virtual_nav/share/hand_solo_virtual_nav/config
[1.030s] copying config/pa_slam_params.yaml -> /IRS_2025_67/install/hand_solo_virtual_nav/share/hand_solo_virtual_nav/config
[1.030s] creating /IRS_2025_67/install/hand_solo_virtual_nav/share/hand_solo_virtual_nav/rviz
[1.031s] copying rviz/pa_rviz_mapping.rviz -> /IRS_2025_67/install/hand_solo_virtual_nav/share/hand_solo_virtual_nav/rviz
[1.053s] running install_egg_info
[1.056s] removing '/IRS_2025_67/install/hand_solo_virtual_nav/lib/python3.10/site-packages/hand_solo_virtual_nav-0.0.0-py3.10.egg-info' (and everything under it)
[1.056s] Copying ../build/hand_solo_virtual_nav/hand_solo_virtual_nav.egg-info to /IRS_2025_67/install/hand_solo_virtual_nav/lib/python3.10/site-packages/hand_solo_virtual_nav-0.0.0-py3.10.egg-info
[1.057s] running install_scripts
[1.083s] Installing hs_waypoint_follower script to /IRS_2025_67/install/hand_solo_virtual_nav/lib/hand_solo_virtual_nav
[1.083s] writing list of installed files to '/IRS_2025_67/build/hand_solo_virtual_nav/install.log'
[1.116s] Invoked command in '/IRS_2025_67/hand_solo_virtual_nav' returned '0': PYTHONPATH=/IRS_2025_67/build/hand_solo_virtual_nav/prefix_override:/usr/lib/python3/dist-packages/colcon_core/task/python/colcon_distutils_commands:/IRS_2025_67/install/hand_solo_virtual_nav/lib/python3.10/site-packages:${PYTHONPATH} /usr/bin/python3 -W ignore:setup.py install is deprecated -W ignore:easy_install command is deprecated setup.py egg_info --egg-base ../build/hand_solo_virtual_nav build --build-base /IRS_2025_67/build/hand_solo_virtual_nav/build install --record /IRS_2025_67/build/hand_solo_virtual_nav/install.log --single-version-externally-managed install_data
