[0.709s] Invoking command in '/IRS_2025_67/hand_solo_virtual_nav': PYTHONPATH=/IRS_2025_67/build/hand_solo_virtual_nav/prefix_override:/usr/lib/python3/dist-packages/colcon_core/task/python/colcon_distutils_commands:/IRS_2025_67/install/hand_solo_virtual_nav/lib/python3.10/site-packages:${PYTHONPATH} /usr/bin/python3 -W ignore:setup.py install is deprecated -W ignore:easy_install command is deprecated setup.py egg_info --egg-base ../build/hand_solo_virtual_nav build --build-base /IRS_2025_67/build/hand_solo_virtual_nav/build install --record /IRS_2025_67/build/hand_solo_virtual_nav/install.log --single-version-externally-managed install_data
[0.959s] running egg_info
[0.960s] writing ../build/hand_solo_virtual_nav/hand_solo_virtual_nav.egg-info/PKG-INFO
[0.960s] writing dependency_links to ../build/hand_solo_virtual_nav/hand_solo_virtual_nav.egg-info/dependency_links.txt
[0.960s] writing entry points to ../build/hand_solo_virtual_nav/hand_solo_virtual_nav.egg-info/entry_points.txt
[0.961s] writing requirements to ../build/hand_solo_virtual_nav/hand_solo_virtual_nav.egg-info/requires.txt
[0.961s] writing top-level names to ../build/hand_solo_virtual_nav/hand_solo_virtual_nav.egg-info/top_level.txt
[0.962s] reading manifest file '../build/hand_solo_virtual_nav/hand_solo_virtual_nav.egg-info/SOURCES.txt'
[0.963s] adding license file 'LICENSE'
[0.963s] writing manifest file '../build/hand_solo_virtual_nav/hand_solo_virtual_nav.egg-info/SOURCES.txt'
[0.964s] running build
[0.964s] running build_py
[0.964s] running install
[0.964s] running install_lib
[0.966s] running install_data
[0.966s] copying launch/nav_launch.py -> /IRS_2025_67/install/hand_solo_virtual_nav/share/hand_solo_virtual_nav/launch
[0.966s] copying config/pa_nav2_params.yaml -> /IRS_2025_67/install/hand_solo_virtual_nav/share/hand_solo_virtual_nav/config
[0.966s] copying map/pa_warehouse_map_01.pgm -> /IRS_2025_67/install/hand_solo_virtual_nav/share/hand_solo_virtual_nav/map
[0.967s] copying map/pa_warehouse_map_01.yaml -> /IRS_2025_67/install/hand_solo_virtual_nav/share/hand_solo_virtual_nav/map
[0.967s] running install_egg_info
[0.969s] removing '/IRS_2025_67/install/hand_solo_virtual_nav/lib/python3.10/site-packages/hand_solo_virtual_nav-0.0.0-py3.10.egg-info' (and everything under it)
[0.969s] Copying ../build/hand_solo_virtual_nav/hand_solo_virtual_nav.egg-info to /IRS_2025_67/install/hand_solo_virtual_nav/lib/python3.10/site-packages/hand_solo_virtual_nav-0.0.0-py3.10.egg-info
[0.970s] running install_scripts
[0.993s] Installing hs_waypoint_follower script to /IRS_2025_67/install/hand_solo_virtual_nav/lib/hand_solo_virtual_nav
[0.994s] writing list of installed files to '/IRS_2025_67/build/hand_solo_virtual_nav/install.log'
[1.023s] Invoked command in '/IRS_2025_67/hand_solo_virtual_nav' returned '0': PYTHONPATH=/IRS_2025_67/build/hand_solo_virtual_nav/prefix_override:/usr/lib/python3/dist-packages/colcon_core/task/python/colcon_distutils_commands:/IRS_2025_67/install/hand_solo_virtual_nav/lib/python3.10/site-packages:${PYTHONPATH} /usr/bin/python3 -W ignore:setup.py install is deprecated -W ignore:easy_install command is deprecated setup.py egg_info --egg-base ../build/hand_solo_virtual_nav build --build-base /IRS_2025_67/build/hand_solo_virtual_nav/build install --record /IRS_2025_67/build/hand_solo_virtual_nav/install.log --single-version-externally-managed install_data
