[0.000000] (-) TimerEvent: {}
[0.000290] (-) JobUnselected: {'identifier': 'hand_solo_arm'}
[0.000338] (-) JobUnselected: {'identifier': 'hand_solo_virtual_nav'}
[0.000364] (-) JobUnselected: {'identifier': 'pa_warehouse_status'}
[0.000397] (-) JobUnselected: {'identifier': 'tm12_moveit_config'}
[0.000412] (-) JobUnselected: {'identifier': 'tm12x_moveit_config'}
[0.000427] (-) JobUnselected: {'identifier': 'tm14_moveit_config'}
[0.000452] (-) JobUnselected: {'identifier': 'tm14x_moveit_config'}
[0.000466] (-) JobUnselected: {'identifier': 'tm16_moveit_config'}
[0.000538] (-) JobUnselected: {'identifier': 'tm20_moveit_config'}
[0.000650] (-) JobUnselected: {'identifier': 'tm5-700_moveit_config'}
[0.000663] (-) JobUnselected: {'identifier': 'tm5-900_moveit_config'}
[0.000677] (-) JobUnselected: {'identifier': 'tm5x-700_moveit_config'}
[0.000690] (-) JobUnselected: {'identifier': 'tm5x-900_moveit_config'}
[0.000704] (-) JobUnselected: {'identifier': 'tm_description'}
[0.000716] (-) JobUnselected: {'identifier': 'tm_driver'}
[0.000729] (-) JobUnselected: {'identifier': 'tm_inspect'}
[0.000743] (-) JobUnselected: {'identifier': 'tm_mod_urdf'}
[0.000756] (-) JobUnselected: {'identifier': 'tm_msgs'}
[0.000769] (-) JobUnselected: {'identifier': 'tm_test'}
[0.000784] (-) EventReactorShutdown: {}
