[0.000000] (-) TimerEvent: {}
[0.000502] (-) JobUnselected: {'identifier': 'hand_solo_arm'}
[0.000531] (-) JobUnselected: {'identifier': 'hand_solo_virtual_nav'}
[0.000546] (-) JobUnselected: {'identifier': 'pa_warehouse_status'}
[0.000563] (-) JobUnselected: {'identifier': 'tm12_moveit_config'}
[0.000594] (-) JobUnselected: {'identifier': 'tm12x_moveit_config'}
[0.000661] (-) JobUnselected: {'identifier': 'tm14_moveit_config'}
[0.000670] (-) JobUnselected: {'identifier': 'tm14x_moveit_config'}
[0.000678] (-) JobUnselected: {'identifier': 'tm16_moveit_config'}
[0.000686] (-) JobUnselected: {'identifier': 'tm20_moveit_config'}
[0.000693] (-) JobUnselected: {'identifier': 'tm5-700_moveit_config'}
[0.000701] (-) JobUnselected: {'identifier': 'tm5-900_moveit_config'}
[0.000709] (-) JobUnselected: {'identifier': 'tm5x-700_moveit_config'}
[0.000717] (-) JobUnselected: {'identifier': 'tm5x-900_moveit_config'}
[0.000725] (-) JobUnselected: {'identifier': 'tm_description'}
[0.000733] (-) JobUnselected: {'identifier': 'tm_driver'}
[0.000740] (-) JobUnselected: {'identifier': 'tm_inspect'}
[0.000748] (-) JobUnselected: {'identifier': 'tm_mod_urdf'}
[0.000755] (-) JobUnselected: {'identifier': 'tm_msgs'}
[0.000763] (-) JobUnselected: {'identifier': 'tm_test'}
[0.000772] (-) EventReactorShutdown: {}
