[0.090s] DEBUG:colcon:Command line arguments: ['/usr/bin/colcon', 'build', '--packages-select', 'omron_arm']
[0.090s] DEBUG:colcon:Parsed command line arguments: Namespace(log_base=None, log_level=None, verb_name='build', build_base='build', install_base='install', merge_install=False, symlink_install=False, test_result_base=None, continue_on_error=False, executor='parallel', parallel_workers=12, event_handlers=None, ignore_user_meta=False, metas=['./colcon.meta'], base_paths=['.'], packages_ignore=None, packages_ignore_regex=None, paths=None, packages_up_to=None, packages_up_to_regex=None, packages_above=None, packages_above_and_dependencies=None, packages_above_depth=None, packages_select_by_dep=None, packages_skip_by_dep=None, packages_skip_up_to=None, packages_select_build_failed=False, packages_skip_build_finished=False, packages_select_test_failures=False, packages_skip_test_passed=False, packages_select=['omron_arm'], packages_skip=None, packages_select_regex=None, packages_skip_regex=None, packages_start=None, packages_end=None, allow_overriding=[], cmake_args=None, cmake_target=None, cmake_target_skip_unavailable=False, cmake_clean_cache=False, cmake_clean_first=False, cmake_force_configure=False, ament_cmake_args=None, catkin_cmake_args=None, catkin_skip_building_tests=False, mixin_files=None, mixin=None, verb_parser=<colcon_mixin.mixin.mixin_argument.MixinArgumentDecorator object at 0x7f5eaf92e6e0>, verb_extension=<colcon_core.verb.build.BuildVerb object at 0x7f5eaf92e1d0>, main=<bound method BuildVerb.main of <colcon_core.verb.build.BuildVerb object at 0x7f5eaf92e1d0>>, mixin_verb=('build',))
[0.223s] Level 1:colcon.colcon_core.package_discovery:discover_packages(colcon_meta) check parameters
[0.223s] Level 1:colcon.colcon_core.package_discovery:discover_packages(recursive) check parameters
[0.223s] Level 1:colcon.colcon_core.package_discovery:discover_packages(ignore) check parameters
[0.223s] Level 1:colcon.colcon_core.package_discovery:discover_packages(path) check parameters
[0.223s] Level 1:colcon.colcon_core.package_discovery:discover_packages(colcon_meta) discover
[0.223s] Level 1:colcon.colcon_core.package_discovery:discover_packages(recursive) discover
[0.223s] INFO:colcon.colcon_core.package_discovery:Crawling recursively for packages in '/home/student/IRS_2025_67'
[0.223s] Level 1:colcon.colcon_core.package_identification:_identify(.) by extensions ['ignore', 'ignore_ament_install']
[0.223s] Level 1:colcon.colcon_core.package_identification:_identify(.) by extension 'ignore'
[0.223s] Level 1:colcon.colcon_core.package_identification:_identify(.) by extension 'ignore_ament_install'
[0.224s] Level 1:colcon.colcon_core.package_identification:_identify(.) by extensions ['colcon_pkg']
[0.224s] Level 1:colcon.colcon_core.package_identification:_identify(.) by extension 'colcon_pkg'
[0.224s] Level 1:colcon.colcon_core.package_identification:_identify(.) by extensions ['colcon_meta']
[0.224s] Level 1:colcon.colcon_core.package_identification:_identify(.) by extension 'colcon_meta'
[0.224s] Level 1:colcon.colcon_core.package_identification:_identify(.) by extensions ['ros']
[0.224s] Level 1:colcon.colcon_core.package_identification:_identify(.) by extension 'ros'
[0.233s] Level 1:colcon.colcon_core.package_identification:_identify(.) by extensions ['cmake', 'python']
[0.233s] Level 1:colcon.colcon_core.package_identification:_identify(.) by extension 'cmake'
[0.233s] Level 1:colcon.colcon_core.package_identification:_identify(.) by extension 'python'
[0.233s] Level 1:colcon.colcon_core.package_identification:_identify(.) by extensions ['python_setup_py']
[0.233s] Level 1:colcon.colcon_core.package_identification:_identify(.) by extension 'python_setup_py'
[0.233s] Level 1:colcon.colcon_core.package_identification:_identify(build) by extensions ['ignore', 'ignore_ament_install']
[0.233s] Level 1:colcon.colcon_core.package_identification:_identify(build) by extension 'ignore'
[0.233s] Level 1:colcon.colcon_core.package_identification:_identify(build) ignored
[0.233s] Level 1:colcon.colcon_core.package_identification:_identify(hand_solo_arm) by extensions ['ignore', 'ignore_ament_install']
[0.234s] Level 1:colcon.colcon_core.package_identification:_identify(hand_solo_arm) by extension 'ignore'
[0.234s] Level 1:colcon.colcon_core.package_identification:_identify(hand_solo_arm) by extension 'ignore_ament_install'
[0.234s] Level 1:colcon.colcon_core.package_identification:_identify(hand_solo_arm) by extensions ['colcon_pkg']
[0.234s] Level 1:colcon.colcon_core.package_identification:_identify(hand_solo_arm) by extension 'colcon_pkg'
[0.234s] Level 1:colcon.colcon_core.package_identification:_identify(hand_solo_arm) by extensions ['colcon_meta']
[0.234s] Level 1:colcon.colcon_core.package_identification:_identify(hand_solo_arm) by extension 'colcon_meta'
[0.234s] Level 1:colcon.colcon_core.package_identification:_identify(hand_solo_arm) by extensions ['ros']
[0.234s] Level 1:colcon.colcon_core.package_identification:_identify(hand_solo_arm) by extension 'ros'
[0.240s] DEBUG:colcon.colcon_core.package_identification:Package 'hand_solo_arm' with type 'ros.ament_python' and name 'hand_solo_arm'
[0.241s] Level 1:colcon.colcon_core.package_identification:_identify(hand_solo_virtual_nav) by extensions ['ignore', 'ignore_ament_install']
[0.241s] Level 1:colcon.colcon_core.package_identification:_identify(hand_solo_virtual_nav) by extension 'ignore'
[0.241s] Level 1:colcon.colcon_core.package_identification:_identify(hand_solo_virtual_nav) by extension 'ignore_ament_install'
[0.241s] Level 1:colcon.colcon_core.package_identification:_identify(hand_solo_virtual_nav) by extensions ['colcon_pkg']
[0.241s] Level 1:colcon.colcon_core.package_identification:_identify(hand_solo_virtual_nav) by extension 'colcon_pkg'
[0.241s] Level 1:colcon.colcon_core.package_identification:_identify(hand_solo_virtual_nav) by extensions ['colcon_meta']
[0.241s] Level 1:colcon.colcon_core.package_identification:_identify(hand_solo_virtual_nav) by extension 'colcon_meta'
[0.241s] Level 1:colcon.colcon_core.package_identification:_identify(hand_solo_virtual_nav) by extensions ['ros']
[0.241s] Level 1:colcon.colcon_core.package_identification:_identify(hand_solo_virtual_nav) by extension 'ros'
[0.241s] DEBUG:colcon.colcon_core.package_identification:Package 'hand_solo_virtual_nav' with type 'ros.ament_python' and name 'hand_solo_virtual_nav'
[0.242s] Level 1:colcon.colcon_core.package_identification:_identify(install) by extensions ['ignore', 'ignore_ament_install']
[0.242s] Level 1:colcon.colcon_core.package_identification:_identify(install) by extension 'ignore'
[0.242s] Level 1:colcon.colcon_core.package_identification:_identify(install) ignored
[0.242s] Level 1:colcon.colcon_core.package_identification:_identify(log) by extensions ['ignore', 'ignore_ament_install']
[0.242s] Level 1:colcon.colcon_core.package_identification:_identify(log) by extension 'ignore'
[0.242s] Level 1:colcon.colcon_core.package_identification:_identify(log) ignored
[0.242s] Level 1:colcon.colcon_core.package_identification:_identify(omron_arm) by extensions ['ignore', 'ignore_ament_install']
[0.242s] Level 1:colcon.colcon_core.package_identification:_identify(omron_arm) by extension 'ignore'
[0.242s] Level 1:colcon.colcon_core.package_identification:_identify(omron_arm) by extension 'ignore_ament_install'
[0.242s] Level 1:colcon.colcon_core.package_identification:_identify(omron_arm) by extensions ['colcon_pkg']
[0.242s] Level 1:colcon.colcon_core.package_identification:_identify(omron_arm) by extension 'colcon_pkg'
[0.242s] Level 1:colcon.colcon_core.package_identification:_identify(omron_arm) by extensions ['colcon_meta']
[0.242s] Level 1:colcon.colcon_core.package_identification:_identify(omron_arm) by extension 'colcon_meta'
[0.242s] Level 1:colcon.colcon_core.package_identification:_identify(omron_arm) by extensions ['ros']
[0.242s] Level 1:colcon.colcon_core.package_identification:_identify(omron_arm) by extension 'ros'
[0.242s] Level 1:colcon.colcon_core.package_identification:_identify(omron_arm) by extensions ['cmake', 'python']
[0.242s] Level 1:colcon.colcon_core.package_identification:_identify(omron_arm) by extension 'cmake'
[0.242s] Level 1:colcon.colcon_core.package_identification:_identify(omron_arm) by extension 'python'
[0.242s] Level 1:colcon.colcon_core.package_identification:_identify(omron_arm) by extensions ['python_setup_py']
[0.242s] Level 1:colcon.colcon_core.package_identification:_identify(omron_arm) by extension 'python_setup_py'
[0.242s] Level 1:colcon.colcon_core.package_identification:_identify(omron_arm/docs) by extensions ['ignore', 'ignore_ament_install']
[0.242s] Level 1:colcon.colcon_core.package_identification:_identify(omron_arm/docs) by extension 'ignore'
[0.242s] Level 1:colcon.colcon_core.package_identification:_identify(omron_arm/docs) by extension 'ignore_ament_install'
[0.242s] Level 1:colcon.colcon_core.package_identification:_identify(omron_arm/docs) by extensions ['colcon_pkg']
[0.243s] Level 1:colcon.colcon_core.package_identification:_identify(omron_arm/docs) by extension 'colcon_pkg'
[0.243s] Level 1:colcon.colcon_core.package_identification:_identify(omron_arm/docs) by extensions ['colcon_meta']
[0.243s] Level 1:colcon.colcon_core.package_identification:_identify(omron_arm/docs) by extension 'colcon_meta'
[0.243s] Level 1:colcon.colcon_core.package_identification:_identify(omron_arm/docs) by extensions ['ros']
[0.243s] Level 1:colcon.colcon_core.package_identification:_identify(omron_arm/docs) by extension 'ros'
[0.243s] Level 1:colcon.colcon_core.package_identification:_identify(omron_arm/docs) by extensions ['cmake', 'python']
[0.243s] Level 1:colcon.colcon_core.package_identification:_identify(omron_arm/docs) by extension 'cmake'
[0.243s] Level 1:colcon.colcon_core.package_identification:_identify(omron_arm/docs) by extension 'python'
[0.243s] Level 1:colcon.colcon_core.package_identification:_identify(omron_arm/docs) by extensions ['python_setup_py']
[0.243s] Level 1:colcon.colcon_core.package_identification:_identify(omron_arm/docs) by extension 'python_setup_py'
[0.243s] Level 1:colcon.colcon_core.package_identification:_identify(omron_arm/docs/images) by extensions ['ignore', 'ignore_ament_install']
[0.243s] Level 1:colcon.colcon_core.package_identification:_identify(omron_arm/docs/images) by extension 'ignore'
[0.243s] Level 1:colcon.colcon_core.package_identification:_identify(omron_arm/docs/images) by extension 'ignore_ament_install'
[0.243s] Level 1:colcon.colcon_core.package_identification:_identify(omron_arm/docs/images) by extensions ['colcon_pkg']
[0.243s] Level 1:colcon.colcon_core.package_identification:_identify(omron_arm/docs/images) by extension 'colcon_pkg'
[0.243s] Level 1:colcon.colcon_core.package_identification:_identify(omron_arm/docs/images) by extensions ['colcon_meta']
[0.243s] Level 1:colcon.colcon_core.package_identification:_identify(omron_arm/docs/images) by extension 'colcon_meta'
[0.243s] Level 1:colcon.colcon_core.package_identification:_identify(omron_arm/docs/images) by extensions ['ros']
[0.243s] Level 1:colcon.colcon_core.package_identification:_identify(omron_arm/docs/images) by extension 'ros'
[0.243s] Level 1:colcon.colcon_core.package_identification:_identify(omron_arm/docs/images) by extensions ['cmake', 'python']
[0.243s] Level 1:colcon.colcon_core.package_identification:_identify(omron_arm/docs/images) by extension 'cmake'
[0.243s] Level 1:colcon.colcon_core.package_identification:_identify(omron_arm/docs/images) by extension 'python'
[0.243s] Level 1:colcon.colcon_core.package_identification:_identify(omron_arm/docs/images) by extensions ['python_setup_py']
[0.243s] Level 1:colcon.colcon_core.package_identification:_identify(omron_arm/docs/images) by extension 'python_setup_py'
[0.243s] Level 1:colcon.colcon_core.package_identification:_identify(omron_arm/figures) by extensions ['ignore', 'ignore_ament_install']
[0.243s] Level 1:colcon.colcon_core.package_identification:_identify(omron_arm/figures) by extension 'ignore'
[0.243s] Level 1:colcon.colcon_core.package_identification:_identify(omron_arm/figures) by extension 'ignore_ament_install'
[0.243s] Level 1:colcon.colcon_core.package_identification:_identify(omron_arm/figures) by extensions ['colcon_pkg']
[0.243s] Level 1:colcon.colcon_core.package_identification:_identify(omron_arm/figures) by extension 'colcon_pkg'
[0.243s] Level 1:colcon.colcon_core.package_identification:_identify(omron_arm/figures) by extensions ['colcon_meta']
[0.243s] Level 1:colcon.colcon_core.package_identification:_identify(omron_arm/figures) by extension 'colcon_meta'
[0.243s] Level 1:colcon.colcon_core.package_identification:_identify(omron_arm/figures) by extensions ['ros']
[0.243s] Level 1:colcon.colcon_core.package_identification:_identify(omron_arm/figures) by extension 'ros'
[0.243s] Level 1:colcon.colcon_core.package_identification:_identify(omron_arm/figures) by extensions ['cmake', 'python']
[0.243s] Level 1:colcon.colcon_core.package_identification:_identify(omron_arm/figures) by extension 'cmake'
[0.243s] Level 1:colcon.colcon_core.package_identification:_identify(omron_arm/figures) by extension 'python'
[0.243s] Level 1:colcon.colcon_core.package_identification:_identify(omron_arm/figures) by extensions ['python_setup_py']
[0.243s] Level 1:colcon.colcon_core.package_identification:_identify(omron_arm/figures) by extension 'python_setup_py'
[0.244s] Level 1:colcon.colcon_core.package_identification:_identify(omron_arm/tm_description) by extensions ['ignore', 'ignore_ament_install']
[0.244s] Level 1:colcon.colcon_core.package_identification:_identify(omron_arm/tm_description) by extension 'ignore'
[0.244s] Level 1:colcon.colcon_core.package_identification:_identify(omron_arm/tm_description) by extension 'ignore_ament_install'
[0.244s] Level 1:colcon.colcon_core.package_identification:_identify(omron_arm/tm_description) by extensions ['colcon_pkg']
[0.244s] Level 1:colcon.colcon_core.package_identification:_identify(omron_arm/tm_description) by extension 'colcon_pkg'
[0.244s] Level 1:colcon.colcon_core.package_identification:_identify(omron_arm/tm_description) by extensions ['colcon_meta']
[0.244s] Level 1:colcon.colcon_core.package_identification:_identify(omron_arm/tm_description) by extension 'colcon_meta'
[0.244s] Level 1:colcon.colcon_core.package_identification:_identify(omron_arm/tm_description) by extensions ['ros']
[0.244s] Level 1:colcon.colcon_core.package_identification:_identify(omron_arm/tm_description) by extension 'ros'
[0.244s] DEBUG:colcon.colcon_core.package_identification:Package 'omron_arm/tm_description' with type 'ros.ament_cmake' and name 'tm_description'
[0.244s] Level 1:colcon.colcon_core.package_identification:_identify(omron_arm/tm_driver) by extensions ['ignore', 'ignore_ament_install']
[0.244s] Level 1:colcon.colcon_core.package_identification:_identify(omron_arm/tm_driver) by extension 'ignore'
[0.244s] Level 1:colcon.colcon_core.package_identification:_identify(omron_arm/tm_driver) by extension 'ignore_ament_install'
[0.244s] Level 1:colcon.colcon_core.package_identification:_identify(omron_arm/tm_driver) by extensions ['colcon_pkg']
[0.244s] Level 1:colcon.colcon_core.package_identification:_identify(omron_arm/tm_driver) by extension 'colcon_pkg'
[0.244s] Level 1:colcon.colcon_core.package_identification:_identify(omron_arm/tm_driver) by extensions ['colcon_meta']
[0.244s] Level 1:colcon.colcon_core.package_identification:_identify(omron_arm/tm_driver) by extension 'colcon_meta'
[0.244s] Level 1:colcon.colcon_core.package_identification:_identify(omron_arm/tm_driver) by extensions ['ros']
[0.244s] Level 1:colcon.colcon_core.package_identification:_identify(omron_arm/tm_driver) by extension 'ros'
[0.245s] DEBUG:colcon.colcon_core.package_identification:Package 'omron_arm/tm_driver' with type 'ros.ament_cmake' and name 'tm_driver'
[0.245s] Level 1:colcon.colcon_core.package_identification:_identify(omron_arm/tm_inspect) by extensions ['ignore', 'ignore_ament_install']
[0.245s] Level 1:colcon.colcon_core.package_identification:_identify(omron_arm/tm_inspect) by extension 'ignore'
[0.245s] Level 1:colcon.colcon_core.package_identification:_identify(omron_arm/tm_inspect) by extension 'ignore_ament_install'
[0.245s] Level 1:colcon.colcon_core.package_identification:_identify(omron_arm/tm_inspect) by extensions ['colcon_pkg']
[0.245s] Level 1:colcon.colcon_core.package_identification:_identify(omron_arm/tm_inspect) by extension 'colcon_pkg'
[0.245s] Level 1:colcon.colcon_core.package_identification:_identify(omron_arm/tm_inspect) by extensions ['colcon_meta']
[0.245s] Level 1:colcon.colcon_core.package_identification:_identify(omron_arm/tm_inspect) by extension 'colcon_meta'
[0.245s] Level 1:colcon.colcon_core.package_identification:_identify(omron_arm/tm_inspect) by extensions ['ros']
[0.245s] Level 1:colcon.colcon_core.package_identification:_identify(omron_arm/tm_inspect) by extension 'ros'
[0.246s] DEBUG:colcon.colcon_core.package_identification:Package 'omron_arm/tm_inspect' with type 'ros.ament_cmake' and name 'tm_inspect'
[0.246s] Level 1:colcon.colcon_core.package_identification:_identify(omron_arm/tm_mod_urdf) by extensions ['ignore', 'ignore_ament_install']
[0.246s] Level 1:colcon.colcon_core.package_identification:_identify(omron_arm/tm_mod_urdf) by extension 'ignore'
[0.246s] Level 1:colcon.colcon_core.package_identification:_identify(omron_arm/tm_mod_urdf) by extension 'ignore_ament_install'
[0.246s] Level 1:colcon.colcon_core.package_identification:_identify(omron_arm/tm_mod_urdf) by extensions ['colcon_pkg']
[0.246s] Level 1:colcon.colcon_core.package_identification:_identify(omron_arm/tm_mod_urdf) by extension 'colcon_pkg'
[0.246s] Level 1:colcon.colcon_core.package_identification:_identify(omron_arm/tm_mod_urdf) by extensions ['colcon_meta']
[0.246s] Level 1:colcon.colcon_core.package_identification:_identify(omron_arm/tm_mod_urdf) by extension 'colcon_meta'
[0.246s] Level 1:colcon.colcon_core.package_identification:_identify(omron_arm/tm_mod_urdf) by extensions ['ros']
[0.246s] Level 1:colcon.colcon_core.package_identification:_identify(omron_arm/tm_mod_urdf) by extension 'ros'
[0.268s] DEBUG:colcon.colcon_core.package_identification:Package 'omron_arm/tm_mod_urdf' with type 'ros.ament_python' and name 'tm_mod_urdf'
[0.268s] Level 1:colcon.colcon_core.package_identification:_identify(omron_arm/tm_moveit) by extensions ['ignore', 'ignore_ament_install']
[0.268s] Level 1:colcon.colcon_core.package_identification:_identify(omron_arm/tm_moveit) by extension 'ignore'
[0.268s] Level 1:colcon.colcon_core.package_identification:_identify(omron_arm/tm_moveit) by extension 'ignore_ament_install'
[0.268s] Level 1:colcon.colcon_core.package_identification:_identify(omron_arm/tm_moveit) by extensions ['colcon_pkg']
[0.268s] Level 1:colcon.colcon_core.package_identification:_identify(omron_arm/tm_moveit) by extension 'colcon_pkg'
[0.268s] Level 1:colcon.colcon_core.package_identification:_identify(omron_arm/tm_moveit) by extensions ['colcon_meta']
[0.268s] Level 1:colcon.colcon_core.package_identification:_identify(omron_arm/tm_moveit) by extension 'colcon_meta'
[0.268s] Level 1:colcon.colcon_core.package_identification:_identify(omron_arm/tm_moveit) by extensions ['ros']
[0.268s] Level 1:colcon.colcon_core.package_identification:_identify(omron_arm/tm_moveit) by extension 'ros'
[0.269s] Level 1:colcon.colcon_core.package_identification:_identify(omron_arm/tm_moveit) by extensions ['cmake', 'python']
[0.269s] Level 1:colcon.colcon_core.package_identification:_identify(omron_arm/tm_moveit) by extension 'cmake'
[0.269s] Level 1:colcon.colcon_core.package_identification:_identify(omron_arm/tm_moveit) by extension 'python'
[0.269s] Level 1:colcon.colcon_core.package_identification:_identify(omron_arm/tm_moveit) by extensions ['python_setup_py']
[0.269s] Level 1:colcon.colcon_core.package_identification:_identify(omron_arm/tm_moveit) by extension 'python_setup_py'
[0.269s] Level 1:colcon.colcon_core.package_identification:_identify(omron_arm/tm_moveit/tm12_moveit_config) by extensions ['ignore', 'ignore_ament_install']
[0.269s] Level 1:colcon.colcon_core.package_identification:_identify(omron_arm/tm_moveit/tm12_moveit_config) by extension 'ignore'
[0.269s] Level 1:colcon.colcon_core.package_identification:_identify(omron_arm/tm_moveit/tm12_moveit_config) by extension 'ignore_ament_install'
[0.269s] Level 1:colcon.colcon_core.package_identification:_identify(omron_arm/tm_moveit/tm12_moveit_config) by extensions ['colcon_pkg']
[0.269s] Level 1:colcon.colcon_core.package_identification:_identify(omron_arm/tm_moveit/tm12_moveit_config) by extension 'colcon_pkg'
[0.269s] Level 1:colcon.colcon_core.package_identification:_identify(omron_arm/tm_moveit/tm12_moveit_config) by extensions ['colcon_meta']
[0.269s] Level 1:colcon.colcon_core.package_identification:_identify(omron_arm/tm_moveit/tm12_moveit_config) by extension 'colcon_meta'
[0.269s] Level 1:colcon.colcon_core.package_identification:_identify(omron_arm/tm_moveit/tm12_moveit_config) by extensions ['ros']
[0.269s] Level 1:colcon.colcon_core.package_identification:_identify(omron_arm/tm_moveit/tm12_moveit_config) by extension 'ros'
[0.270s] DEBUG:colcon.colcon_core.package_identification:Package 'omron_arm/tm_moveit/tm12_moveit_config' with type 'ros.ament_cmake' and name 'tm12_moveit_config'
[0.270s] Level 1:colcon.colcon_core.package_identification:_identify(omron_arm/tm_moveit/tm12x_moveit_config) by extensions ['ignore', 'ignore_ament_install']
[0.270s] Level 1:colcon.colcon_core.package_identification:_identify(omron_arm/tm_moveit/tm12x_moveit_config) by extension 'ignore'
[0.270s] Level 1:colcon.colcon_core.package_identification:_identify(omron_arm/tm_moveit/tm12x_moveit_config) by extension 'ignore_ament_install'
[0.270s] Level 1:colcon.colcon_core.package_identification:_identify(omron_arm/tm_moveit/tm12x_moveit_config) by extensions ['colcon_pkg']
[0.270s] Level 1:colcon.colcon_core.package_identification:_identify(omron_arm/tm_moveit/tm12x_moveit_config) by extension 'colcon_pkg'
[0.270s] Level 1:colcon.colcon_core.package_identification:_identify(omron_arm/tm_moveit/tm12x_moveit_config) by extensions ['colcon_meta']
[0.270s] Level 1:colcon.colcon_core.package_identification:_identify(omron_arm/tm_moveit/tm12x_moveit_config) by extension 'colcon_meta'
[0.270s] Level 1:colcon.colcon_core.package_identification:_identify(omron_arm/tm_moveit/tm12x_moveit_config) by extensions ['ros']
[0.270s] Level 1:colcon.colcon_core.package_identification:_identify(omron_arm/tm_moveit/tm12x_moveit_config) by extension 'ros'
[0.271s] DEBUG:colcon.colcon_core.package_identification:Package 'omron_arm/tm_moveit/tm12x_moveit_config' with type 'ros.ament_cmake' and name 'tm12x_moveit_config'
[0.271s] Level 1:colcon.colcon_core.package_identification:_identify(omron_arm/tm_moveit/tm14_moveit_config) by extensions ['ignore', 'ignore_ament_install']
[0.271s] Level 1:colcon.colcon_core.package_identification:_identify(omron_arm/tm_moveit/tm14_moveit_config) by extension 'ignore'
[0.271s] Level 1:colcon.colcon_core.package_identification:_identify(omron_arm/tm_moveit/tm14_moveit_config) by extension 'ignore_ament_install'
[0.271s] Level 1:colcon.colcon_core.package_identification:_identify(omron_arm/tm_moveit/tm14_moveit_config) by extensions ['colcon_pkg']
[0.271s] Level 1:colcon.colcon_core.package_identification:_identify(omron_arm/tm_moveit/tm14_moveit_config) by extension 'colcon_pkg'
[0.271s] Level 1:colcon.colcon_core.package_identification:_identify(omron_arm/tm_moveit/tm14_moveit_config) by extensions ['colcon_meta']
[0.271s] Level 1:colcon.colcon_core.package_identification:_identify(omron_arm/tm_moveit/tm14_moveit_config) by extension 'colcon_meta'
[0.271s] Level 1:colcon.colcon_core.package_identification:_identify(omron_arm/tm_moveit/tm14_moveit_config) by extensions ['ros']
[0.271s] Level 1:colcon.colcon_core.package_identification:_identify(omron_arm/tm_moveit/tm14_moveit_config) by extension 'ros'
[0.272s] DEBUG:colcon.colcon_core.package_identification:Package 'omron_arm/tm_moveit/tm14_moveit_config' with type 'ros.ament_cmake' and name 'tm14_moveit_config'
[0.272s] Level 1:colcon.colcon_core.package_identification:_identify(omron_arm/tm_moveit/tm14x_moveit_config) by extensions ['ignore', 'ignore_ament_install']
[0.272s] Level 1:colcon.colcon_core.package_identification:_identify(omron_arm/tm_moveit/tm14x_moveit_config) by extension 'ignore'
[0.272s] Level 1:colcon.colcon_core.package_identification:_identify(omron_arm/tm_moveit/tm14x_moveit_config) by extension 'ignore_ament_install'
[0.272s] Level 1:colcon.colcon_core.package_identification:_identify(omron_arm/tm_moveit/tm14x_moveit_config) by extensions ['colcon_pkg']
[0.272s] Level 1:colcon.colcon_core.package_identification:_identify(omron_arm/tm_moveit/tm14x_moveit_config) by extension 'colcon_pkg'
[0.272s] Level 1:colcon.colcon_core.package_identification:_identify(omron_arm/tm_moveit/tm14x_moveit_config) by extensions ['colcon_meta']
[0.272s] Level 1:colcon.colcon_core.package_identification:_identify(omron_arm/tm_moveit/tm14x_moveit_config) by extension 'colcon_meta'
[0.272s] Level 1:colcon.colcon_core.package_identification:_identify(omron_arm/tm_moveit/tm14x_moveit_config) by extensions ['ros']
[0.272s] Level 1:colcon.colcon_core.package_identification:_identify(omron_arm/tm_moveit/tm14x_moveit_config) by extension 'ros'
[0.273s] DEBUG:colcon.colcon_core.package_identification:Package 'omron_arm/tm_moveit/tm14x_moveit_config' with type 'ros.ament_cmake' and name 'tm14x_moveit_config'
[0.273s] Level 1:colcon.colcon_core.package_identification:_identify(omron_arm/tm_moveit/tm16_moveit_config) by extensions ['ignore', 'ignore_ament_install']
[0.273s] Level 1:colcon.colcon_core.package_identification:_identify(omron_arm/tm_moveit/tm16_moveit_config) by extension 'ignore'
[0.273s] Level 1:colcon.colcon_core.package_identification:_identify(omron_arm/tm_moveit/tm16_moveit_config) by extension 'ignore_ament_install'
[0.273s] Level 1:colcon.colcon_core.package_identification:_identify(omron_arm/tm_moveit/tm16_moveit_config) by extensions ['colcon_pkg']
[0.273s] Level 1:colcon.colcon_core.package_identification:_identify(omron_arm/tm_moveit/tm16_moveit_config) by extension 'colcon_pkg'
[0.273s] Level 1:colcon.colcon_core.package_identification:_identify(omron_arm/tm_moveit/tm16_moveit_config) by extensions ['colcon_meta']
[0.273s] Level 1:colcon.colcon_core.package_identification:_identify(omron_arm/tm_moveit/tm16_moveit_config) by extension 'colcon_meta'
[0.273s] Level 1:colcon.colcon_core.package_identification:_identify(omron_arm/tm_moveit/tm16_moveit_config) by extensions ['ros']
[0.273s] Level 1:colcon.colcon_core.package_identification:_identify(omron_arm/tm_moveit/tm16_moveit_config) by extension 'ros'
[0.273s] DEBUG:colcon.colcon_core.package_identification:Package 'omron_arm/tm_moveit/tm16_moveit_config' with type 'ros.ament_cmake' and name 'tm16_moveit_config'
[0.273s] Level 1:colcon.colcon_core.package_identification:_identify(omron_arm/tm_moveit/tm20_moveit_config) by extensions ['ignore', 'ignore_ament_install']
[0.273s] Level 1:colcon.colcon_core.package_identification:_identify(omron_arm/tm_moveit/tm20_moveit_config) by extension 'ignore'
[0.273s] Level 1:colcon.colcon_core.package_identification:_identify(omron_arm/tm_moveit/tm20_moveit_config) by extension 'ignore_ament_install'
[0.273s] Level 1:colcon.colcon_core.package_identification:_identify(omron_arm/tm_moveit/tm20_moveit_config) by extensions ['colcon_pkg']
[0.273s] Level 1:colcon.colcon_core.package_identification:_identify(omron_arm/tm_moveit/tm20_moveit_config) by extension 'colcon_pkg'
[0.273s] Level 1:colcon.colcon_core.package_identification:_identify(omron_arm/tm_moveit/tm20_moveit_config) by extensions ['colcon_meta']
[0.273s] Level 1:colcon.colcon_core.package_identification:_identify(omron_arm/tm_moveit/tm20_moveit_config) by extension 'colcon_meta'
[0.273s] Level 1:colcon.colcon_core.package_identification:_identify(omron_arm/tm_moveit/tm20_moveit_config) by extensions ['ros']
[0.274s] Level 1:colcon.colcon_core.package_identification:_identify(omron_arm/tm_moveit/tm20_moveit_config) by extension 'ros'
[0.274s] DEBUG:colcon.colcon_core.package_identification:Package 'omron_arm/tm_moveit/tm20_moveit_config' with type 'ros.ament_cmake' and name 'tm20_moveit_config'
[0.274s] Level 1:colcon.colcon_core.package_identification:_identify(omron_arm/tm_moveit/tm5-700_moveit_config) by extensions ['ignore', 'ignore_ament_install']
[0.274s] Level 1:colcon.colcon_core.package_identification:_identify(omron_arm/tm_moveit/tm5-700_moveit_config) by extension 'ignore'
[0.274s] Level 1:colcon.colcon_core.package_identification:_identify(omron_arm/tm_moveit/tm5-700_moveit_config) by extension 'ignore_ament_install'
[0.274s] Level 1:colcon.colcon_core.package_identification:_identify(omron_arm/tm_moveit/tm5-700_moveit_config) by extensions ['colcon_pkg']
[0.274s] Level 1:colcon.colcon_core.package_identification:_identify(omron_arm/tm_moveit/tm5-700_moveit_config) by extension 'colcon_pkg'
[0.274s] Level 1:colcon.colcon_core.package_identification:_identify(omron_arm/tm_moveit/tm5-700_moveit_config) by extensions ['colcon_meta']
[0.274s] Level 1:colcon.colcon_core.package_identification:_identify(omron_arm/tm_moveit/tm5-700_moveit_config) by extension 'colcon_meta'
[0.274s] Level 1:colcon.colcon_core.package_identification:_identify(omron_arm/tm_moveit/tm5-700_moveit_config) by extensions ['ros']
[0.274s] Level 1:colcon.colcon_core.package_identification:_identify(omron_arm/tm_moveit/tm5-700_moveit_config) by extension 'ros'
[0.275s] DEBUG:colcon.colcon_core.package_identification:Package 'omron_arm/tm_moveit/tm5-700_moveit_config' with type 'ros.ament_cmake' and name 'tm5-700_moveit_config'
[0.275s] Level 1:colcon.colcon_core.package_identification:_identify(omron_arm/tm_moveit/tm5-900_moveit_config) by extensions ['ignore', 'ignore_ament_install']
[0.275s] Level 1:colcon.colcon_core.package_identification:_identify(omron_arm/tm_moveit/tm5-900_moveit_config) by extension 'ignore'
[0.275s] Level 1:colcon.colcon_core.package_identification:_identify(omron_arm/tm_moveit/tm5-900_moveit_config) by extension 'ignore_ament_install'
[0.275s] Level 1:colcon.colcon_core.package_identification:_identify(omron_arm/tm_moveit/tm5-900_moveit_config) by extensions ['colcon_pkg']
[0.275s] Level 1:colcon.colcon_core.package_identification:_identify(omron_arm/tm_moveit/tm5-900_moveit_config) by extension 'colcon_pkg'
[0.275s] Level 1:colcon.colcon_core.package_identification:_identify(omron_arm/tm_moveit/tm5-900_moveit_config) by extensions ['colcon_meta']
[0.275s] Level 1:colcon.colcon_core.package_identification:_identify(omron_arm/tm_moveit/tm5-900_moveit_config) by extension 'colcon_meta'
[0.275s] Level 1:colcon.colcon_core.package_identification:_identify(omron_arm/tm_moveit/tm5-900_moveit_config) by extensions ['ros']
[0.275s] Level 1:colcon.colcon_core.package_identification:_identify(omron_arm/tm_moveit/tm5-900_moveit_config) by extension 'ros'
[0.276s] DEBUG:colcon.colcon_core.package_identification:Package 'omron_arm/tm_moveit/tm5-900_moveit_config' with type 'ros.ament_cmake' and name 'tm5-900_moveit_config'
[0.276s] Level 1:colcon.colcon_core.package_identification:_identify(omron_arm/tm_moveit/tm5x-700_moveit_config) by extensions ['ignore', 'ignore_ament_install']
[0.276s] Level 1:colcon.colcon_core.package_identification:_identify(omron_arm/tm_moveit/tm5x-700_moveit_config) by extension 'ignore'
[0.276s] Level 1:colcon.colcon_core.package_identification:_identify(omron_arm/tm_moveit/tm5x-700_moveit_config) by extension 'ignore_ament_install'
[0.276s] Level 1:colcon.colcon_core.package_identification:_identify(omron_arm/tm_moveit/tm5x-700_moveit_config) by extensions ['colcon_pkg']
[0.276s] Level 1:colcon.colcon_core.package_identification:_identify(omron_arm/tm_moveit/tm5x-700_moveit_config) by extension 'colcon_pkg'
[0.276s] Level 1:colcon.colcon_core.package_identification:_identify(omron_arm/tm_moveit/tm5x-700_moveit_config) by extensions ['colcon_meta']
[0.276s] Level 1:colcon.colcon_core.package_identification:_identify(omron_arm/tm_moveit/tm5x-700_moveit_config) by extension 'colcon_meta'
[0.276s] Level 1:colcon.colcon_core.package_identification:_identify(omron_arm/tm_moveit/tm5x-700_moveit_config) by extensions ['ros']
[0.276s] Level 1:colcon.colcon_core.package_identification:_identify(omron_arm/tm_moveit/tm5x-700_moveit_config) by extension 'ros'
[0.277s] DEBUG:colcon.colcon_core.package_identification:Package 'omron_arm/tm_moveit/tm5x-700_moveit_config' with type 'ros.ament_cmake' and name 'tm5x-700_moveit_config'
[0.277s] Level 1:colcon.colcon_core.package_identification:_identify(omron_arm/tm_moveit/tm5x-900_moveit_config) by extensions ['ignore', 'ignore_ament_install']
[0.277s] Level 1:colcon.colcon_core.package_identification:_identify(omron_arm/tm_moveit/tm5x-900_moveit_config) by extension 'ignore'
[0.277s] Level 1:colcon.colcon_core.package_identification:_identify(omron_arm/tm_moveit/tm5x-900_moveit_config) by extension 'ignore_ament_install'
[0.277s] Level 1:colcon.colcon_core.package_identification:_identify(omron_arm/tm_moveit/tm5x-900_moveit_config) by extensions ['colcon_pkg']
[0.277s] Level 1:colcon.colcon_core.package_identification:_identify(omron_arm/tm_moveit/tm5x-900_moveit_config) by extension 'colcon_pkg'
[0.277s] Level 1:colcon.colcon_core.package_identification:_identify(omron_arm/tm_moveit/tm5x-900_moveit_config) by extensions ['colcon_meta']
[0.277s] Level 1:colcon.colcon_core.package_identification:_identify(omron_arm/tm_moveit/tm5x-900_moveit_config) by extension 'colcon_meta'
[0.277s] Level 1:colcon.colcon_core.package_identification:_identify(omron_arm/tm_moveit/tm5x-900_moveit_config) by extensions ['ros']
[0.277s] Level 1:colcon.colcon_core.package_identification:_identify(omron_arm/tm_moveit/tm5x-900_moveit_config) by extension 'ros'
[0.278s] DEBUG:colcon.colcon_core.package_identification:Package 'omron_arm/tm_moveit/tm5x-900_moveit_config' with type 'ros.ament_cmake' and name 'tm5x-900_moveit_config'
[0.278s] Level 1:colcon.colcon_core.package_identification:_identify(omron_arm/tm_msgs) by extensions ['ignore', 'ignore_ament_install']
[0.278s] Level 1:colcon.colcon_core.package_identification:_identify(omron_arm/tm_msgs) by extension 'ignore'
[0.278s] Level 1:colcon.colcon_core.package_identification:_identify(omron_arm/tm_msgs) by extension 'ignore_ament_install'
[0.278s] Level 1:colcon.colcon_core.package_identification:_identify(omron_arm/tm_msgs) by extensions ['colcon_pkg']
[0.278s] Level 1:colcon.colcon_core.package_identification:_identify(omron_arm/tm_msgs) by extension 'colcon_pkg'
[0.278s] Level 1:colcon.colcon_core.package_identification:_identify(omron_arm/tm_msgs) by extensions ['colcon_meta']
[0.278s] Level 1:colcon.colcon_core.package_identification:_identify(omron_arm/tm_msgs) by extension 'colcon_meta'
[0.278s] Level 1:colcon.colcon_core.package_identification:_identify(omron_arm/tm_msgs) by extensions ['ros']
[0.279s] Level 1:colcon.colcon_core.package_identification:_identify(omron_arm/tm_msgs) by extension 'ros'
[0.279s] DEBUG:colcon.colcon_core.package_identification:Package 'omron_arm/tm_msgs' with type 'ros.ament_cmake' and name 'tm_msgs'
[0.279s] Level 1:colcon.colcon_core.package_identification:_identify(omron_arm/tm_test) by extensions ['ignore', 'ignore_ament_install']
[0.279s] Level 1:colcon.colcon_core.package_identification:_identify(omron_arm/tm_test) by extension 'ignore'
[0.279s] Level 1:colcon.colcon_core.package_identification:_identify(omron_arm/tm_test) by extension 'ignore_ament_install'
[0.279s] Level 1:colcon.colcon_core.package_identification:_identify(omron_arm/tm_test) by extensions ['colcon_pkg']
[0.279s] Level 1:colcon.colcon_core.package_identification:_identify(omron_arm/tm_test) by extension 'colcon_pkg'
[0.279s] Level 1:colcon.colcon_core.package_identification:_identify(omron_arm/tm_test) by extensions ['colcon_meta']
[0.279s] Level 1:colcon.colcon_core.package_identification:_identify(omron_arm/tm_test) by extension 'colcon_meta'
[0.279s] Level 1:colcon.colcon_core.package_identification:_identify(omron_arm/tm_test) by extensions ['ros']
[0.279s] Level 1:colcon.colcon_core.package_identification:_identify(omron_arm/tm_test) by extension 'ros'
[0.280s] DEBUG:colcon.colcon_core.package_identification:Package 'omron_arm/tm_test' with type 'ros.ament_cmake' and name 'tm_test'
[0.280s] Level 1:colcon.colcon_core.package_identification:_identify(pa_warehouse_status) by extensions ['ignore', 'ignore_ament_install']
[0.280s] Level 1:colcon.colcon_core.package_identification:_identify(pa_warehouse_status) by extension 'ignore'
[0.280s] Level 1:colcon.colcon_core.package_identification:_identify(pa_warehouse_status) by extension 'ignore_ament_install'
[0.280s] Level 1:colcon.colcon_core.package_identification:_identify(pa_warehouse_status) by extensions ['colcon_pkg']
[0.280s] Level 1:colcon.colcon_core.package_identification:_identify(pa_warehouse_status) by extension 'colcon_pkg'
[0.280s] Level 1:colcon.colcon_core.package_identification:_identify(pa_warehouse_status) by extensions ['colcon_meta']
[0.280s] Level 1:colcon.colcon_core.package_identification:_identify(pa_warehouse_status) by extension 'colcon_meta'
[0.280s] Level 1:colcon.colcon_core.package_identification:_identify(pa_warehouse_status) by extensions ['ros']
[0.280s] Level 1:colcon.colcon_core.package_identification:_identify(pa_warehouse_status) by extension 'ros'
[0.281s] DEBUG:colcon.colcon_core.package_identification:Package 'pa_warehouse_status' with type 'ros.ament_python' and name 'pa_warehouse_status'
[0.281s] Level 1:colcon.colcon_core.package_discovery:discover_packages(recursive) using defaults
[0.281s] Level 1:colcon.colcon_core.package_discovery:discover_packages(ignore) discover
[0.281s] Level 1:colcon.colcon_core.package_discovery:discover_packages(ignore) using defaults
[0.281s] Level 1:colcon.colcon_core.package_discovery:discover_packages(path) discover
[0.281s] Level 1:colcon.colcon_core.package_discovery:discover_packages(path) using defaults
[0.281s] WARNING:colcon.colcon_core.package_selection:ignoring unknown package 'omron_arm' in --packages-select
[0.308s] INFO:colcon.colcon_core.package_selection:Skipping not selected package 'hand_solo_arm' in 'hand_solo_arm'
[0.308s] INFO:colcon.colcon_core.package_selection:Skipping not selected package 'hand_solo_virtual_nav' in 'hand_solo_virtual_nav'
[0.308s] INFO:colcon.colcon_core.package_selection:Skipping not selected package 'pa_warehouse_status' in 'pa_warehouse_status'
[0.308s] INFO:colcon.colcon_core.package_selection:Skipping not selected package 'tm_description' in 'omron_arm/tm_description'
[0.308s] INFO:colcon.colcon_core.package_selection:Skipping not selected package 'tm_mod_urdf' in 'omron_arm/tm_mod_urdf'
[0.308s] INFO:colcon.colcon_core.package_selection:Skipping not selected package 'tm_msgs' in 'omron_arm/tm_msgs'
[0.308s] INFO:colcon.colcon_core.package_selection:Skipping not selected package 'tm12_moveit_config' in 'omron_arm/tm_moveit/tm12_moveit_config'
[0.308s] INFO:colcon.colcon_core.package_selection:Skipping not selected package 'tm12x_moveit_config' in 'omron_arm/tm_moveit/tm12x_moveit_config'
[0.308s] INFO:colcon.colcon_core.package_selection:Skipping not selected package 'tm14_moveit_config' in 'omron_arm/tm_moveit/tm14_moveit_config'
[0.308s] INFO:colcon.colcon_core.package_selection:Skipping not selected package 'tm14x_moveit_config' in 'omron_arm/tm_moveit/tm14x_moveit_config'
[0.308s] INFO:colcon.colcon_core.package_selection:Skipping not selected package 'tm16_moveit_config' in 'omron_arm/tm_moveit/tm16_moveit_config'
[0.308s] INFO:colcon.colcon_core.package_selection:Skipping not selected package 'tm20_moveit_config' in 'omron_arm/tm_moveit/tm20_moveit_config'
[0.308s] INFO:colcon.colcon_core.package_selection:Skipping not selected package 'tm5-700_moveit_config' in 'omron_arm/tm_moveit/tm5-700_moveit_config'
[0.308s] INFO:colcon.colcon_core.package_selection:Skipping not selected package 'tm5-900_moveit_config' in 'omron_arm/tm_moveit/tm5-900_moveit_config'
[0.308s] INFO:colcon.colcon_core.package_selection:Skipping not selected package 'tm5x-700_moveit_config' in 'omron_arm/tm_moveit/tm5x-700_moveit_config'
[0.308s] INFO:colcon.colcon_core.package_selection:Skipping not selected package 'tm5x-900_moveit_config' in 'omron_arm/tm_moveit/tm5x-900_moveit_config'
[0.308s] INFO:colcon.colcon_core.package_selection:Skipping not selected package 'tm_driver' in 'omron_arm/tm_driver'
[0.308s] INFO:colcon.colcon_core.package_selection:Skipping not selected package 'tm_inspect' in 'omron_arm/tm_inspect'
[0.308s] INFO:colcon.colcon_core.package_selection:Skipping not selected package 'tm_test' in 'omron_arm/tm_test'
[0.309s] Level 1:colcon.colcon_core.package_discovery:discover_packages(prefix_path) check parameters
[0.309s] Level 1:colcon.colcon_core.package_discovery:discover_packages(prefix_path) discover
[0.312s] DEBUG:colcon.colcon_installed_package_information.package_discovery:Found 362 installed packages in /opt/ros/humble
[0.313s] Level 1:colcon.colcon_core.package_discovery:discover_packages(prefix_path) using defaults
[0.342s] INFO:colcon.colcon_core.executor:Executing jobs using 'parallel' executor
[0.343s] DEBUG:colcon.colcon_parallel_executor.executor.parallel:run_until_complete
[0.344s] DEBUG:colcon.colcon_parallel_executor.executor.parallel:closing loop
[0.344s] DEBUG:colcon.colcon_parallel_executor.executor.parallel:loop closed
[0.344s] DEBUG:colcon.colcon_parallel_executor.executor.parallel:run_until_complete finished with '0'
[0.344s] DEBUG:colcon.colcon_core.event_reactor:joining thread
[0.348s] INFO:colcon.colcon_core.plugin_system:Skipping extension 'colcon_notification.desktop_notification.terminal_notifier': Not used on non-Darwin systems
[0.348s] INFO:colcon.colcon_core.plugin_system:Skipping extension 'colcon_notification.desktop_notification.win32': Not used on non-Windows systems
[0.348s] INFO:colcon.colcon_notification.desktop_notification:Sending desktop notification using 'notify2'
[0.355s] DEBUG:colcon.colcon_core.event_reactor:joined thread
[0.359s] INFO:colcon.colcon_core.plugin_system:Skipping extension 'colcon_core.shell.bat': Not used on non-Windows systems
[0.359s] INFO:colcon.colcon_core.shell:Creating prefix script '/home/student/IRS_2025_67/install/local_setup.ps1'
[0.361s] INFO:colcon.colcon_core.shell:Creating prefix util module '/home/student/IRS_2025_67/install/_local_setup_util_ps1.py'
[0.363s] INFO:colcon.colcon_core.shell:Creating prefix chain script '/home/student/IRS_2025_67/install/setup.ps1'
[0.365s] INFO:colcon.colcon_core.shell:Creating prefix script '/home/student/IRS_2025_67/install/local_setup.sh'
[0.365s] INFO:colcon.colcon_core.shell:Creating prefix util module '/home/student/IRS_2025_67/install/_local_setup_util_sh.py'
[0.366s] INFO:colcon.colcon_core.shell:Creating prefix chain script '/home/student/IRS_2025_67/install/setup.sh'
[0.367s] INFO:colcon.colcon_core.shell:Creating prefix script '/home/student/IRS_2025_67/install/local_setup.bash'
[0.368s] INFO:colcon.colcon_core.shell:Creating prefix chain script '/home/student/IRS_2025_67/install/setup.bash'
[0.369s] INFO:colcon.colcon_core.shell:Creating prefix script '/home/student/IRS_2025_67/install/local_setup.zsh'
[0.370s] INFO:colcon.colcon_core.shell:Creating prefix chain script '/home/student/IRS_2025_67/install/setup.zsh'
